{"contracts/AffiliateRouter.sol":{"l":{"11":0,"15":0,"19":0,"20":0,"21":0,"22":0},"path":"/Users/kevanb/Projects/unykorn/contracts/AffiliateRouter.sol","s":{"1":0,"2":0,"3":0},"b":{"1":[0,0],"2":[0,0],"3":[0,0]},"f":{"1":0,"2":0,"3":0},"fnMap":{"1":{"name":"constructor","line":10,"loc":{"start":{"line":10,"column":4},"end":{"line":12,"column":4}}},"2":{"name":"recordCommission","line":14,"loc":{"start":{"line":14,"column":4},"end":{"line":16,"column":4}}},"3":{"name":"claim","line":18,"loc":{"start":{"line":18,"column":4},"end":{"line":23,"column":4}}}},"statementMap":{"1":{"start":{"line":19,"column":8},"end":{"line":19,"column":42}},"2":{"start":{"line":20,"column":8},"end":{"line":20,"column":34}},"3":{"start":{"line":22,"column":8},"end":{"line":22,"column":73}}},"branchMap":{"1":{"line":14,"type":"if","locations":[{"start":{"line":14,"column":73},"end":{"line":14,"column":73}},{"start":{"line":14,"column":73},"end":{"line":14,"column":73}}]},"2":{"line":20,"type":"if","locations":[{"start":{"line":20,"column":8},"end":{"line":20,"column":8}},{"start":{"line":20,"column":8},"end":{"line":20,"column":8}}]},"3":{"line":22,"type":"if","locations":[{"start":{"line":22,"column":8},"end":{"line":22,"column":8}},{"start":{"line":22,"column":8},"end":{"line":22,"column":8}}]}}},"contracts/CarbonVault.sol":{"l":{"41":0,"42":0,"46":0,"47":0,"51":0,"52":0,"56":0,"57":0,"67":0,"68":0,"69":0,"70":0,"72":0,"73":0,"75":0,"85":0,"86":0,"88":0,"92":0,"93":0,"94":0,"95":0,"97":0,"98":0,"100":0,"104":0,"105":0,"106":0,"107":0,"108":0,"110":0,"114":0,"118":0,"122":0,"123":0,"127":0,"131":0},"path":"/Users/kevanb/Projects/unykorn/contracts/CarbonVault.sol","s":{"1":0,"2":0,"3":0,"4":0,"5":0,"6":0,"7":0,"8":0,"9":0,"10":0,"11":0,"12":0,"13":0,"14":0,"15":0,"16":0,"17":0,"18":0,"19":0,"20":0,"21":0,"22":0,"23":0,"24":0,"25":0,"26":0,"27":0,"28":0,"29":0},"b":{"1":[0,0],"2":[0,0],"3":[0,0],"4":[0,0],"5":[0,0],"6":[0,0],"7":[0,0],"8":[0,0],"9":[0,0],"10":[0,0],"11":[0,0],"12":[0,0],"13":[0,0],"14":[0,0],"15":[0,0],"16":[0,0],"17":[0,0],"18":[0,0],"19":[0,0],"20":[0,0],"21":[0,0],"22":[0,0]},"f":{"1":0,"2":0,"3":0,"4":0,"5":0,"6":0,"7":0,"8":0,"9":0,"10":0,"11":0,"12":0},"fnMap":{"1":{"name":"onlyAuthorizedIssuer","line":40,"loc":{"start":{"line":40,"column":4},"end":{"line":43,"column":4}}},"2":{"name":"constructor","line":45,"loc":{"start":{"line":45,"column":4},"end":{"line":48,"column":4}}},"3":{"name":"authorizeIssuer","line":50,"loc":{"start":{"line":50,"column":4},"end":{"line":53,"column":4}}},"4":{"name":"revokeIssuer","line":55,"loc":{"start":{"line":55,"column":4},"end":{"line":58,"column":4}}},"5":{"name":"issueCarbonCredit","line":66,"loc":{"start":{"line":60,"column":4},"end":{"line":89,"column":4}}},"6":{"name":"retireCarbonCredit","line":91,"loc":{"start":{"line":91,"column":4},"end":{"line":101,"column":4}}},"7":{"name":"tradeCarbonCredit","line":103,"loc":{"start":{"line":103,"column":4},"end":{"line":111,"column":4}}},"8":{"name":"getCarbonCredit","line":113,"loc":{"start":{"line":113,"column":4},"end":{"line":115,"column":4}}},"9":{"name":"getUserCredits","line":117,"loc":{"start":{"line":117,"column":4},"end":{"line":119,"column":4}}},"10":{"name":"setCarbonOracle","line":121,"loc":{"start":{"line":121,"column":4},"end":{"line":124,"column":4}}},"11":{"name":"pause","line":126,"loc":{"start":{"line":126,"column":4},"end":{"line":128,"column":4}}},"12":{"name":"unpause","line":130,"loc":{"start":{"line":130,"column":4},"end":{"line":132,"column":4}}}},"statementMap":{"1":{"start":{"line":41,"column":8},"end":{"line":41,"column":70}},"2":{"start":{"line":52,"column":8},"end":{"line":52,"column":38}},"3":{"start":{"line":57,"column":8},"end":{"line":57,"column":35}},"4":{"start":{"line":67,"column":8},"end":{"line":67,"column":88}},"5":{"start":{"line":68,"column":8},"end":{"line":68,"column":58}},"6":{"start":{"line":69,"column":8},"end":{"line":69,"column":105}},"7":{"start":{"line":70,"column":8},"end":{"line":70,"column":76}},"8":{"start":{"line":72,"column":8},"end":{"line":72,"column":66}},"9":{"start":{"line":73,"column":8},"end":{"line":73,"column":54}},"10":{"start":{"line":85,"column":8},"end":{"line":85,"column":39}},"11":{"start":{"line":86,"column":8},"end":{"line":86,"column":26}},"12":{"start":{"line":88,"column":8},"end":{"line":88,"column":63}},"13":{"start":{"line":92,"column":8},"end":{"line":92,"column":62}},"14":{"start":{"line":93,"column":8},"end":{"line":93,"column":70}},"15":{"start":{"line":94,"column":8},"end":{"line":94,"column":57}},"16":{"start":{"line":95,"column":8},"end":{"line":95,"column":78}},"17":{"start":{"line":98,"column":8},"end":{"line":98,"column":39}},"18":{"start":{"line":100,"column":8},"end":{"line":100,"column":55}},"19":{"start":{"line":104,"column":8},"end":{"line":104,"column":62}},"20":{"start":{"line":105,"column":8},"end":{"line":105,"column":70}},"21":{"start":{"line":106,"column":8},"end":{"line":106,"column":52}},"22":{"start":{"line":107,"column":8},"end":{"line":107,"column":65}},"23":{"start":{"line":108,"column":8},"end":{"line":108,"column":72}},"24":{"start":{"line":110,"column":8},"end":{"line":110,"column":42}},"25":{"start":{"line":114,"column":8},"end":{"line":114,"column":39}},"26":{"start":{"line":118,"column":8},"end":{"line":118,"column":33}},"27":{"start":{"line":122,"column":8},"end":{"line":122,"column":66}},"28":{"start":{"line":127,"column":8},"end":{"line":127,"column":15}},"29":{"start":{"line":131,"column":8},"end":{"line":131,"column":17}}},"branchMap":{"1":{"line":41,"type":"if","locations":[{"start":{"line":41,"column":8},"end":{"line":41,"column":8}},{"start":{"line":41,"column":8},"end":{"line":41,"column":8}}]},"2":{"line":50,"type":"if","locations":[{"start":{"line":50,"column":55},"end":{"line":50,"column":55}},{"start":{"line":50,"column":55},"end":{"line":50,"column":55}}]},"3":{"line":55,"type":"if","locations":[{"start":{"line":55,"column":52},"end":{"line":55,"column":52}},{"start":{"line":55,"column":52},"end":{"line":55,"column":52}}]},"4":{"line":66,"type":"if","locations":[{"start":{"line":66,"column":15},"end":{"line":66,"column":15}},{"start":{"line":66,"column":15},"end":{"line":66,"column":15}}]},"5":{"line":66,"type":"if","locations":[{"start":{"line":66,"column":36},"end":{"line":66,"column":36}},{"start":{"line":66,"column":36},"end":{"line":66,"column":36}}]},"6":{"line":67,"type":"if","locations":[{"start":{"line":67,"column":8},"end":{"line":67,"column":8}},{"start":{"line":67,"column":8},"end":{"line":67,"column":8}}]},"7":{"line":68,"type":"if","locations":[{"start":{"line":68,"column":8},"end":{"line":68,"column":8}},{"start":{"line":68,"column":8},"end":{"line":68,"column":8}}]},"8":{"line":69,"type":"if","locations":[{"start":{"line":69,"column":8},"end":{"line":69,"column":8}},{"start":{"line":69,"column":8},"end":{"line":69,"column":8}}]},"9":{"line":70,"type":"if","locations":[{"start":{"line":70,"column":8},"end":{"line":70,"column":8}},{"start":{"line":70,"column":8},"end":{"line":70,"column":8}}]},"10":{"line":73,"type":"if","locations":[{"start":{"line":73,"column":8},"end":{"line":73,"column":8}},{"start":{"line":73,"column":8},"end":{"line":73,"column":8}}]},"11":{"line":91,"type":"if","locations":[{"start":{"line":91,"column":60},"end":{"line":91,"column":60}},{"start":{"line":91,"column":60},"end":{"line":91,"column":60}}]},"12":{"line":93,"type":"if","locations":[{"start":{"line":93,"column":8},"end":{"line":93,"column":8}},{"start":{"line":93,"column":8},"end":{"line":93,"column":8}}]},"13":{"line":94,"type":"if","locations":[{"start":{"line":94,"column":8},"end":{"line":94,"column":8}},{"start":{"line":94,"column":8},"end":{"line":94,"column":8}}]},"14":{"line":95,"type":"if","locations":[{"start":{"line":95,"column":8},"end":{"line":95,"column":8}},{"start":{"line":95,"column":8},"end":{"line":95,"column":8}}]},"15":{"line":105,"type":"if","locations":[{"start":{"line":105,"column":8},"end":{"line":105,"column":8}},{"start":{"line":105,"column":8},"end":{"line":105,"column":8}}]},"16":{"line":106,"type":"if","locations":[{"start":{"line":106,"column":8},"end":{"line":106,"column":8}},{"start":{"line":106,"column":8},"end":{"line":106,"column":8}}]},"17":{"line":107,"type":"if","locations":[{"start":{"line":107,"column":8},"end":{"line":107,"column":8}},{"start":{"line":107,"column":8},"end":{"line":107,"column":8}}]},"18":{"line":108,"type":"if","locations":[{"start":{"line":108,"column":8},"end":{"line":108,"column":8}},{"start":{"line":108,"column":8},"end":{"line":108,"column":8}}]},"19":{"line":121,"type":"if","locations":[{"start":{"line":121,"column":58},"end":{"line":121,"column":58}},{"start":{"line":121,"column":58},"end":{"line":121,"column":58}}]},"20":{"line":122,"type":"if","locations":[{"start":{"line":122,"column":8},"end":{"line":122,"column":8}},{"start":{"line":122,"column":8},"end":{"line":122,"column":8}}]},"21":{"line":126,"type":"if","locations":[{"start":{"line":126,"column":30},"end":{"line":126,"column":30}},{"start":{"line":126,"column":30},"end":{"line":126,"column":30}}]},"22":{"line":130,"type":"if","locations":[{"start":{"line":130,"column":32},"end":{"line":130,"column":32}},{"start":{"line":130,"column":32},"end":{"line":130,"column":32}}]}}},"contracts/CBDCBridge.sol":{"l":{"64":0,"65":0,"69":0,"70":0,"74":0,"75":0,"76":0,"80":0,"81":0,"85":0,"86":0,"96":0,"97":0,"98":0,"99":0,"102":0,"103":0,"106":0,"107":0,"109":0,"120":0,"123":0,"125":0,"139":0,"141":0,"148":0,"149":0,"150":0,"151":0,"152":0,"158":0,"163":0,"166":0,"168":0,"172":0,"173":0,"174":0,"175":0,"176":0,"181":0,"184":0,"186":0,"190":0,"194":0,"195":0,"199":0,"200":0,"204":0,"208":0,"212":0,"213":0,"217":0,"221":0,"225":0},"path":"/Users/kevanb/Projects/unykorn/contracts/CBDCBridge.sol","s":{"1":0,"2":0,"3":0,"4":0,"5":0,"6":0,"7":0,"8":0,"9":0,"10":0,"11":0,"12":0,"13":0,"14":0,"15":0,"16":0,"17":0,"18":0,"19":0,"20":0,"21":0,"22":0,"23":0,"24":0,"25":0,"26":0,"27":0,"28":0,"29":0,"30":0,"31":0,"32":0,"33":0,"34":0,"35":0,"36":0,"37":0,"38":0,"39":0,"40":0,"41":0,"42":0},"b":{"1":[0,0],"2":[0,0],"3":[0,0],"4":[0,0],"5":[0,0],"6":[0,0],"7":[0,0],"8":[0,0],"9":[0,0],"10":[0,0],"11":[0,0],"12":[0,0],"13":[0,0],"14":[0,0],"15":[0,0],"16":[0,0],"17":[0,0],"18":[0,0],"19":[0,0],"20":[0,0],"21":[0,0],"22":[0,0],"23":[0,0],"24":[0,0],"25":[0,0],"26":[0,0],"27":[0,0],"28":[0,0],"29":[0,0],"30":[0,0],"31":[0,0],"32":[0,0],"33":[0,0],"34":[0,0]},"f":{"1":0,"2":0,"3":0,"4":0,"5":0,"6":0,"7":0,"8":0,"9":0,"10":0,"11":0,"12":0,"13":0,"14":0,"15":0,"16":0,"17":0},"fnMap":{"1":{"name":"onlyAuthorizedValidator","line":63,"loc":{"start":{"line":63,"column":4},"end":{"line":66,"column":4}}},"2":{"name":"constructor","line":68,"loc":{"start":{"line":68,"column":4},"end":{"line":71,"column":4}}},"3":{"name":"addValidator","line":73,"loc":{"start":{"line":73,"column":4},"end":{"line":77,"column":4}}},"4":{"name":"removeValidator","line":79,"loc":{"start":{"line":79,"column":4},"end":{"line":82,"column":4}}},"5":{"name":"setTokenLimit","line":84,"loc":{"start":{"line":84,"column":4},"end":{"line":87,"column":4}}},"6":{"name":"initiateBridge","line":95,"loc":{"start":{"line":89,"column":4},"end":{"line":142,"column":4}}},"7":{"name":"completeBridge","line":147,"loc":{"start":{"line":144,"column":4},"end":{"line":169,"column":4}}},"8":{"name":"cancelBridge","line":171,"loc":{"start":{"line":171,"column":4},"end":{"line":187,"column":4}}},"9":{"name":"emergencyWithdraw","line":189,"loc":{"start":{"line":189,"column":4},"end":{"line":191,"column":4}}},"10":{"name":"setBridgeFee","line":193,"loc":{"start":{"line":193,"column":4},"end":{"line":196,"column":4}}},"11":{"name":"setCBDCValidator","line":198,"loc":{"start":{"line":198,"column":4},"end":{"line":201,"column":4}}},"12":{"name":"getBridgeTransaction","line":203,"loc":{"start":{"line":203,"column":4},"end":{"line":205,"column":4}}},"13":{"name":"getDailyVolume","line":207,"loc":{"start":{"line":207,"column":4},"end":{"line":209,"column":4}}},"14":{"name":"getTodayVolume","line":211,"loc":{"start":{"line":211,"column":4},"end":{"line":214,"column":4}}},"15":{"name":"pause","line":216,"loc":{"start":{"line":216,"column":4},"end":{"line":218,"column":4}}},"16":{"name":"unpause","line":220,"loc":{"start":{"line":220,"column":4},"end":{"line":222,"column":4}}},"17":{"name":"withdraw","line":224,"loc":{"start":{"line":224,"column":4},"end":{"line":226,"column":4}}}},"statementMap":{"1":{"start":{"line":64,"column":8},"end":{"line":64,"column":76}},"2":{"start":{"line":74,"column":8},"end":{"line":74,"column":69}},"3":{"start":{"line":76,"column":8},"end":{"line":76,"column":39}},"4":{"start":{"line":81,"column":8},"end":{"line":81,"column":41}},"5":{"start":{"line":86,"column":8},"end":{"line":86,"column":42}},"6":{"start":{"line":96,"column":8},"end":{"line":96,"column":82}},"7":{"start":{"line":97,"column":8},"end":{"line":97,"column":61}},"8":{"start":{"line":98,"column":8},"end":{"line":98,"column":89}},"9":{"start":{"line":99,"column":8},"end":{"line":99,"column":89}},"10":{"start":{"line":102,"column":8},"end":{"line":102,"column":47}},"11":{"start":{"line":103,"column":8},"end":{"line":103,"column":111}},"12":{"start":{"line":106,"column":8},"end":{"line":106,"column":51}},"13":{"start":{"line":107,"column":8},"end":{"line":107,"column":59}},"14":{"start":{"line":109,"column":8},"end":{"line":109,"column":4206}},"15":{"start":{"line":120,"column":8},"end":{"line":120,"column":89}},"16":{"start":{"line":123,"column":8},"end":{"line":123,"column":76}},"17":{"start":{"line":141,"column":8},"end":{"line":141,"column":83}},"18":{"start":{"line":148,"column":8},"end":{"line":148,"column":73}},"19":{"start":{"line":149,"column":8},"end":{"line":149,"column":76}},"20":{"start":{"line":150,"column":8},"end":{"line":150,"column":71}},"21":{"start":{"line":151,"column":8},"end":{"line":151,"column":67}},"22":{"start":{"line":152,"column":8},"end":{"line":152,"column":5752}},"23":{"start":{"line":158,"column":8},"end":{"line":158,"column":5971}},"24":{"start":{"line":166,"column":8},"end":{"line":166,"column":90}},"25":{"start":{"line":168,"column":8},"end":{"line":168,"column":58}},"26":{"start":{"line":172,"column":8},"end":{"line":172,"column":73}},"27":{"start":{"line":173,"column":8},"end":{"line":173,"column":76}},"28":{"start":{"line":174,"column":8},"end":{"line":174,"column":71}},"29":{"start":{"line":175,"column":8},"end":{"line":175,"column":71}},"30":{"start":{"line":176,"column":8},"end":{"line":176,"column":6808}},"31":{"start":{"line":184,"column":8},"end":{"line":184,"column":87}},"32":{"start":{"line":186,"column":8},"end":{"line":186,"column":44}},"33":{"start":{"line":190,"column":8},"end":{"line":190,"column":48}},"34":{"start":{"line":194,"column":8},"end":{"line":194,"column":44}},"35":{"start":{"line":199,"column":8},"end":{"line":199,"column":72}},"36":{"start":{"line":204,"column":8},"end":{"line":204,"column":40}},"37":{"start":{"line":208,"column":8},"end":{"line":208,"column":40}},"38":{"start":{"line":212,"column":8},"end":{"line":212,"column":47}},"39":{"start":{"line":213,"column":8},"end":{"line":213,"column":41}},"40":{"start":{"line":217,"column":8},"end":{"line":217,"column":15}},"41":{"start":{"line":221,"column":8},"end":{"line":221,"column":17}},"42":{"start":{"line":225,"column":8},"end":{"line":225,"column":55}}},"branchMap":{"1":{"line":64,"type":"if","locations":[{"start":{"line":64,"column":8},"end":{"line":64,"column":8}},{"start":{"line":64,"column":8},"end":{"line":64,"column":8}}]},"2":{"line":73,"type":"if","locations":[{"start":{"line":73,"column":55},"end":{"line":73,"column":55}},{"start":{"line":73,"column":55},"end":{"line":73,"column":55}}]},"3":{"line":74,"type":"if","locations":[{"start":{"line":74,"column":8},"end":{"line":74,"column":8}},{"start":{"line":74,"column":8},"end":{"line":74,"column":8}}]},"4":{"line":79,"type":"if","locations":[{"start":{"line":79,"column":58},"end":{"line":79,"column":58}},{"start":{"line":79,"column":58},"end":{"line":79,"column":58}}]},"5":{"line":84,"type":"if","locations":[{"start":{"line":84,"column":68},"end":{"line":84,"column":68}},{"start":{"line":84,"column":68},"end":{"line":84,"column":68}}]},"6":{"line":95,"type":"if","locations":[{"start":{"line":95,"column":23},"end":{"line":95,"column":23}},{"start":{"line":95,"column":23},"end":{"line":95,"column":23}}]},"7":{"line":95,"type":"if","locations":[{"start":{"line":95,"column":36},"end":{"line":95,"column":36}},{"start":{"line":95,"column":36},"end":{"line":95,"column":36}}]},"8":{"line":96,"type":"if","locations":[{"start":{"line":96,"column":8},"end":{"line":96,"column":8}},{"start":{"line":96,"column":8},"end":{"line":96,"column":8}}]},"9":{"line":97,"type":"if","locations":[{"start":{"line":97,"column":8},"end":{"line":97,"column":8}},{"start":{"line":97,"column":8},"end":{"line":97,"column":8}}]},"10":{"line":98,"type":"if","locations":[{"start":{"line":98,"column":8},"end":{"line":98,"column":8}},{"start":{"line":98,"column":8},"end":{"line":98,"column":8}}]},"11":{"line":99,"type":"if","locations":[{"start":{"line":99,"column":8},"end":{"line":99,"column":8}},{"start":{"line":99,"column":8},"end":{"line":99,"column":8}}]},"12":{"line":103,"type":"if","locations":[{"start":{"line":103,"column":8},"end":{"line":103,"column":8}},{"start":{"line":103,"column":8},"end":{"line":103,"column":8}}]},"13":{"line":107,"type":"if","locations":[{"start":{"line":107,"column":8},"end":{"line":107,"column":8}},{"start":{"line":107,"column":8},"end":{"line":107,"column":8}}]},"14":{"line":120,"type":"if","locations":[{"start":{"line":120,"column":8},"end":{"line":120,"column":8}},{"start":{"line":120,"column":8},"end":{"line":120,"column":8}}]},"15":{"line":147,"type":"if","locations":[{"start":{"line":147,"column":15},"end":{"line":147,"column":15}},{"start":{"line":147,"column":15},"end":{"line":147,"column":15}}]},"16":{"line":147,"type":"if","locations":[{"start":{"line":147,"column":39},"end":{"line":147,"column":39}},{"start":{"line":147,"column":39},"end":{"line":147,"column":39}}]},"17":{"line":149,"type":"if","locations":[{"start":{"line":149,"column":8},"end":{"line":149,"column":8}},{"start":{"line":149,"column":8},"end":{"line":149,"column":8}}]},"18":{"line":150,"type":"if","locations":[{"start":{"line":150,"column":8},"end":{"line":150,"column":8}},{"start":{"line":150,"column":8},"end":{"line":150,"column":8}}]},"19":{"line":151,"type":"if","locations":[{"start":{"line":151,"column":8},"end":{"line":151,"column":8}},{"start":{"line":151,"column":8},"end":{"line":151,"column":8}}]},"20":{"line":152,"type":"if","locations":[{"start":{"line":152,"column":8},"end":{"line":152,"column":8}},{"start":{"line":152,"column":8},"end":{"line":152,"column":8}}]},"21":{"line":158,"type":"if","locations":[{"start":{"line":158,"column":8},"end":{"line":158,"column":8}},{"start":{"line":158,"column":8},"end":{"line":158,"column":8}}]},"22":{"line":173,"type":"if","locations":[{"start":{"line":173,"column":8},"end":{"line":173,"column":8}},{"start":{"line":173,"column":8},"end":{"line":173,"column":8}}]},"23":{"line":174,"type":"if","locations":[{"start":{"line":174,"column":8},"end":{"line":174,"column":8}},{"start":{"line":174,"column":8},"end":{"line":174,"column":8}}]},"24":{"line":175,"type":"if","locations":[{"start":{"line":175,"column":8},"end":{"line":175,"column":8}},{"start":{"line":175,"column":8},"end":{"line":175,"column":8}}]},"25":{"line":176,"type":"if","locations":[{"start":{"line":176,"column":8},"end":{"line":176,"column":8}},{"start":{"line":176,"column":8},"end":{"line":176,"column":8}}]},"26":{"line":177,"type":"cond-expr","locations":[{"start":{"line":177,"column":12},"end":{"line":177,"column":43}},{"start":{"line":177,"column":48},"end":{"line":177,"column":68}}]},"27":{"line":189,"type":"if","locations":[{"start":{"line":189,"column":73},"end":{"line":189,"column":73}},{"start":{"line":189,"column":73},"end":{"line":189,"column":73}}]},"28":{"line":193,"type":"if","locations":[{"start":{"line":193,"column":49},"end":{"line":193,"column":49}},{"start":{"line":193,"column":49},"end":{"line":193,"column":49}}]},"29":{"line":194,"type":"if","locations":[{"start":{"line":194,"column":8},"end":{"line":194,"column":8}},{"start":{"line":194,"column":8},"end":{"line":194,"column":8}}]},"30":{"line":198,"type":"if","locations":[{"start":{"line":198,"column":62},"end":{"line":198,"column":62}},{"start":{"line":198,"column":62},"end":{"line":198,"column":62}}]},"31":{"line":199,"type":"if","locations":[{"start":{"line":199,"column":8},"end":{"line":199,"column":8}},{"start":{"line":199,"column":8},"end":{"line":199,"column":8}}]},"32":{"line":216,"type":"if","locations":[{"start":{"line":216,"column":30},"end":{"line":216,"column":30}},{"start":{"line":216,"column":30},"end":{"line":216,"column":30}}]},"33":{"line":220,"type":"if","locations":[{"start":{"line":220,"column":32},"end":{"line":220,"column":32}},{"start":{"line":220,"column":32},"end":{"line":220,"column":32}}]},"34":{"line":224,"type":"if","locations":[{"start":{"line":224,"column":33},"end":{"line":224,"column":33}},{"start":{"line":224,"column":33},"end":{"line":224,"column":33}}]}}},"contracts/ESGStablecoin.sol":{"l":{"106":0,"107":0,"111":0,"112":0,"121":0,"122":0,"124":0,"125":0,"126":0,"127":0,"130":0,"131":0,"132":0,"133":0,"134":0,"152":0,"153":0,"154":0,"155":0,"156":0,"158":0,"170":0,"171":0,"185":0,"187":0,"189":0,"190":0,"191":0,"192":0,"194":0,"197":0,"199":0,"213":0,"215":0,"216":0,"218":0,"219":0,"221":0,"222":0,"224":0,"225":0,"227":0,"229":0,"243":0,"245":0,"246":0,"249":0,"250":0,"251":0,"252":0,"253":0,"254":0,"257":0,"259":0,"260":0,"262":0,"263":0,"265":0,"279":0,"281":0,"282":0,"285":0,"286":0,"287":0,"288":0,"289":0,"292":0,"293":0,"295":0,"296":0,"299":0,"302":0,"304":0,"306":0,"321":0,"322":0,"324":0,"325":0,"326":0,"329":0,"332":0,"333":0,"335":0,"338":0,"341":0,"342":0,"343":0,"345":0,"346":0,"347":0,"349":0,"352":0,"361":0,"362":0,"364":0,"372":0,"373":0,"374":0,"375":0,"384":0,"385":0,"386":0,"393":0,"394":0,"395":0,"396":0,"398":0,"405":0,"412":0,"417":0,"421":0,"425":0,"429":0,"433":0,"437":0,"441":0,"445":0,"446":0,"451":0,"452":0,"458":0,"462":0,"463":0,"464":0,"467":0,"468":0,"470":0,"471":0,"474":0,"478":0,"479":0,"483":0,"484":0,"485":0,"488":0,"489":0,"493":0,"494":0,"495":0,"498":0,"499":0,"500":0,"504":0,"505":0,"506":0,"508":0,"509":0,"511":0,"512":0,"514":0,"518":0},"path":"/Users/kevanb/Projects/unykorn/contracts/ESGStablecoin.sol","s":{"1":0,"2":0,"3":0,"4":0,"5":0,"6":0,"7":0,"8":0,"9":0,"10":0,"11":0,"12":0,"13":0,"14":0,"15":0,"16":0,"17":0,"18":0,"19":0,"20":0,"21":0,"22":0,"23":0,"24":0,"25":0,"26":0,"27":0,"28":0,"29":0,"30":0,"31":0,"32":0,"33":0,"34":0,"35":0,"36":0,"37":0,"38":0,"39":0,"40":0,"41":0,"42":0,"43":0,"44":0,"45":0,"46":0,"47":0,"48":0,"49":0,"50":0,"51":0,"52":0,"53":0,"54":0,"55":0,"56":0,"57":0,"58":0,"59":0,"60":0,"61":0,"62":0,"63":0,"64":0,"65":0,"66":0,"67":0,"68":0,"69":0,"70":0,"71":0,"72":0,"73":0,"74":0,"75":0,"76":0,"77":0,"78":0,"79":0,"80":0,"81":0,"82":0,"83":0,"84":0,"85":0,"86":0,"87":0,"88":0,"89":0,"90":0,"91":0,"92":0,"93":0,"94":0,"95":0,"96":0,"97":0,"98":0,"99":0,"100":0,"101":0,"102":0,"103":0,"104":0,"105":0,"106":0,"107":0,"108":0},"b":{"1":[0,0],"2":[0,0],"3":[0,0],"4":[0,0],"5":[0,0],"6":[0,0],"7":[0,0],"8":[0,0],"9":[0,0],"10":[0,0],"11":[0,0],"12":[0,0],"13":[0,0],"14":[0,0],"15":[0,0],"16":[0,0],"17":[0,0],"18":[0,0],"19":[0,0],"20":[0,0],"21":[0,0],"22":[0,0],"23":[0,0],"24":[0,0],"25":[0,0],"26":[0,0],"27":[0,0],"28":[0,0],"29":[0,0],"30":[0,0],"31":[0,0],"32":[0,0],"33":[0,0],"34":[0,0],"35":[0,0],"36":[0,0],"37":[0,0],"38":[0,0],"39":[0,0],"40":[0,0],"41":[0,0],"42":[0,0],"43":[0,0],"44":[0,0],"45":[0,0],"46":[0,0],"47":[0,0],"48":[0,0],"49":[0,0],"50":[0,0],"51":[0,0],"52":[0,0],"53":[0,0],"54":[0,0],"55":[0,0],"56":[0,0],"57":[0,0],"58":[0,0],"59":[0,0],"60":[0,0]},"f":{"1":0,"2":0,"3":0,"4":0,"5":0,"6":0,"7":0,"8":0,"9":0,"10":0,"11":0,"12":0,"13":0,"14":0,"15":0,"16":0,"17":0,"18":0,"19":0,"20":0,"21":0,"22":0,"23":0,"24":0,"25":0,"26":0,"27":0,"28":0,"29":0},"fnMap":{"1":{"name":"validCollateral","line":105,"loc":{"start":{"line":105,"column":4},"end":{"line":108,"column":4}}},"2":{"name":"onlyEmergencyOracle","line":110,"loc":{"start":{"line":110,"column":4},"end":{"line":113,"column":4}}},"3":{"name":"constructor","line":120,"loc":{"start":{"line":115,"column":4},"end":{"line":135,"column":4}}},"4":{"name":"addCollateral","line":151,"loc":{"start":{"line":145,"column":4},"end":{"line":172,"column":4}}},"5":{"name":"depositCollateral","line":183,"loc":{"start":{"line":179,"column":4},"end":{"line":200,"column":4}}},"6":{"name":"mintStablecoin","line":211,"loc":{"start":{"line":207,"column":4},"end":{"line":230,"column":4}}},"7":{"name":"repayStablecoin","line":241,"loc":{"start":{"line":237,"column":4},"end":{"line":266,"column":4}}},"8":{"name":"withdrawCollateral","line":277,"loc":{"start":{"line":273,"column":4},"end":{"line":307,"column":4}}},"9":{"name":"liquidate","line":319,"loc":{"start":{"line":315,"column":4},"end":{"line":365,"column":4}}},"10":{"name":"updatePrice","line":371,"loc":{"start":{"line":371,"column":4},"end":{"line":376,"column":4}}},"11":{"name":"updateESGScore","line":383,"loc":{"start":{"line":383,"column":4},"end":{"line":387,"column":4}}},"12":{"name":"collectFees","line":392,"loc":{"start":{"line":392,"column":4},"end":{"line":399,"column":4}}},"13":{"name":"pause","line":404,"loc":{"start":{"line":404,"column":4},"end":{"line":406,"column":4}}},"14":{"name":"unpause","line":411,"loc":{"start":{"line":411,"column":4},"end":{"line":413,"column":4}}},"15":{"name":"getCollateralInfo","line":416,"loc":{"start":{"line":416,"column":4},"end":{"line":418,"column":4}}},"16":{"name":"getUserPosition","line":420,"loc":{"start":{"line":420,"column":4},"end":{"line":422,"column":4}}},"17":{"name":"getMaxMintable","line":424,"loc":{"start":{"line":424,"column":4},"end":{"line":426,"column":4}}},"18":{"name":"isLiquidatable","line":428,"loc":{"start":{"line":428,"column":4},"end":{"line":430,"column":4}}},"19":{"name":"getCollateralRatio","line":432,"loc":{"start":{"line":432,"column":4},"end":{"line":434,"column":4}}},"20":{"name":"getUserESGScore","line":436,"loc":{"start":{"line":436,"column":4},"end":{"line":438,"column":4}}},"21":{"name":"getCollateralAssets","line":440,"loc":{"start":{"line":440,"column":4},"end":{"line":442,"column":4}}},"22":{"name":"getLiquidationHistory","line":444,"loc":{"start":{"line":444,"column":4},"end":{"line":447,"column":4}}},"23":{"name":"_getCollateralValue","line":450,"loc":{"start":{"line":450,"column":4},"end":{"line":453,"column":4}}},"24":{"name":"_getCollateralPrice","line":455,"loc":{"start":{"line":455,"column":4},"end":{"line":459,"column":4}}},"25":{"name":"_getMaxMintable","line":461,"loc":{"start":{"line":461,"column":4},"end":{"line":475,"column":4}}},"26":{"name":"_isLiquidatable","line":477,"loc":{"start":{"line":477,"column":4},"end":{"line":480,"column":4}}},"27":{"name":"_getCollateralRatio","line":482,"loc":{"start":{"line":482,"column":4},"end":{"line":490,"column":4}}},"28":{"name":"_calculateStabilityFee","line":492,"loc":{"start":{"line":492,"column":4},"end":{"line":501,"column":4}}},"29":{"name":"_updateESGScore","line":503,"loc":{"start":{"line":503,"column":4},"end":{"line":519,"column":4}}}},"statementMap":{"1":{"start":{"line":106,"column":8},"end":{"line":106,"column":92}},"2":{"start":{"line":111,"column":8},"end":{"line":111,"column":85}},"3":{"start":{"line":121,"column":8},"end":{"line":121,"column":74}},"4":{"start":{"line":122,"column":8},"end":{"line":122,"column":89}},"5":{"start":{"line":152,"column":8},"end":{"line":152,"column":75}},"6":{"start":{"line":153,"column":8},"end":{"line":153,"column":82}},"7":{"start":{"line":154,"column":8},"end":{"line":154,"column":89}},"8":{"start":{"line":155,"column":8},"end":{"line":155,"column":102}},"9":{"start":{"line":156,"column":8},"end":{"line":156,"column":88}},"10":{"start":{"line":170,"column":8},"end":{"line":170,"column":35}},"11":{"start":{"line":171,"column":8},"end":{"line":171,"column":68}},"12":{"start":{"line":185,"column":8},"end":{"line":185,"column":68}},"13":{"start":{"line":187,"column":8},"end":{"line":187,"column":78}},"14":{"start":{"line":189,"column":8},"end":{"line":189,"column":74}},"15":{"start":{"line":197,"column":8},"end":{"line":197,"column":65}},"16":{"start":{"line":199,"column":8},"end":{"line":199,"column":69}},"17":{"start":{"line":213,"column":8},"end":{"line":213,"column":68}},"18":{"start":{"line":215,"column":8},"end":{"line":215,"column":74}},"19":{"start":{"line":216,"column":8},"end":{"line":216,"column":108}},"20":{"start":{"line":218,"column":8},"end":{"line":218,"column":74}},"21":{"start":{"line":219,"column":8},"end":{"line":219,"column":80}},"22":{"start":{"line":227,"column":8},"end":{"line":227,"column":32}},"23":{"start":{"line":229,"column":8},"end":{"line":229,"column":66}},"24":{"start":{"line":243,"column":8},"end":{"line":243,"column":68}},"25":{"start":{"line":245,"column":8},"end":{"line":245,"column":74}},"26":{"start":{"line":246,"column":8},"end":{"line":246,"column":87}},"27":{"start":{"line":249,"column":8},"end":{"line":249,"column":82}},"28":{"start":{"line":250,"column":8},"end":{"line":250,"column":9954}},"29":{"start":{"line":251,"column":12},"end":{"line":251,"column":113}},"30":{"start":{"line":252,"column":12},"end":{"line":252,"column":42}},"31":{"start":{"line":254,"column":12},"end":{"line":254,"column":64}},"32":{"start":{"line":257,"column":8},"end":{"line":257,"column":32}},"33":{"start":{"line":265,"column":8},"end":{"line":265,"column":66}},"34":{"start":{"line":279,"column":8},"end":{"line":279,"column":68}},"35":{"start":{"line":281,"column":8},"end":{"line":281,"column":74}},"36":{"start":{"line":282,"column":8},"end":{"line":282,"column":93}},"37":{"start":{"line":285,"column":8},"end":{"line":285,"column":72}},"38":{"start":{"line":286,"column":8},"end":{"line":286,"column":11382}},"39":{"start":{"line":287,"column":12},"end":{"line":287,"column":95}},"40":{"start":{"line":288,"column":12},"end":{"line":288,"column":116}},"41":{"start":{"line":289,"column":12},"end":{"line":289,"column":100}},"42":{"start":{"line":295,"column":8},"end":{"line":295,"column":11863}},"43":{"start":{"line":302,"column":8},"end":{"line":302,"column":66}},"44":{"start":{"line":304,"column":8},"end":{"line":304,"column":59}},"45":{"start":{"line":306,"column":8},"end":{"line":306,"column":69}},"46":{"start":{"line":321,"column":8},"end":{"line":321,"column":73}},"47":{"start":{"line":322,"column":8},"end":{"line":322,"column":68}},"48":{"start":{"line":324,"column":8},"end":{"line":324,"column":68}},"49":{"start":{"line":325,"column":8},"end":{"line":325,"column":70}},"50":{"start":{"line":326,"column":8},"end":{"line":326,"column":89}},"51":{"start":{"line":329,"column":8},"end":{"line":329,"column":92}},"52":{"start":{"line":332,"column":8},"end":{"line":332,"column":70}},"53":{"start":{"line":333,"column":8},"end":{"line":333,"column":114}},"54":{"start":{"line":335,"column":8},"end":{"line":335,"column":104}},"55":{"start":{"line":338,"column":8},"end":{"line":338,"column":36}},"56":{"start":{"line":349,"column":8},"end":{"line":349,"column":70}},"57":{"start":{"line":352,"column":8},"end":{"line":352,"column":14260}},"58":{"start":{"line":361,"column":8},"end":{"line":361,"column":47}},"59":{"start":{"line":362,"column":8},"end":{"line":362,"column":65}},"60":{"start":{"line":364,"column":8},"end":{"line":364,"column":78}},"61":{"start":{"line":372,"column":8},"end":{"line":372,"column":60}},"62":{"start":{"line":375,"column":8},"end":{"line":375,"column":52}},"63":{"start":{"line":384,"column":8},"end":{"line":384,"column":84}},"64":{"start":{"line":386,"column":8},"end":{"line":386,"column":44}},"65":{"start":{"line":393,"column":8},"end":{"line":393,"column":74}},"66":{"start":{"line":394,"column":8},"end":{"line":394,"column":40}},"67":{"start":{"line":398,"column":8},"end":{"line":398,"column":28}},"68":{"start":{"line":405,"column":8},"end":{"line":405,"column":15}},"69":{"start":{"line":412,"column":8},"end":{"line":412,"column":17}},"70":{"start":{"line":417,"column":8},"end":{"line":417,"column":33}},"71":{"start":{"line":421,"column":8},"end":{"line":421,"column":47}},"72":{"start":{"line":425,"column":8},"end":{"line":425,"column":53}},"73":{"start":{"line":429,"column":8},"end":{"line":429,"column":53}},"74":{"start":{"line":433,"column":8},"end":{"line":433,"column":57}},"75":{"start":{"line":437,"column":8},"end":{"line":437,"column":33}},"76":{"start":{"line":441,"column":8},"end":{"line":441,"column":31}},"77":{"start":{"line":445,"column":8},"end":{"line":445,"column":81}},"78":{"start":{"line":446,"column":8},"end":{"line":446,"column":40}},"79":{"start":{"line":451,"column":8},"end":{"line":451,"column":60}},"80":{"start":{"line":452,"column":8},"end":{"line":452,"column":38}},"81":{"start":{"line":458,"column":8},"end":{"line":458,"column":19}},"82":{"start":{"line":462,"column":8},"end":{"line":462,"column":68}},"83":{"start":{"line":463,"column":8},"end":{"line":463,"column":18139}},"84":{"start":{"line":464,"column":12},"end":{"line":464,"column":20}},"85":{"start":{"line":467,"column":8},"end":{"line":467,"column":97}},"86":{"start":{"line":468,"column":8},"end":{"line":468,"column":100}},"87":{"start":{"line":470,"column":8},"end":{"line":470,"column":18450}},"88":{"start":{"line":471,"column":12},"end":{"line":471,"column":20}},"89":{"start":{"line":474,"column":8},"end":{"line":474,"column":50}},"90":{"start":{"line":478,"column":8},"end":{"line":478,"column":66}},"91":{"start":{"line":479,"column":8},"end":{"line":479,"column":85}},"92":{"start":{"line":483,"column":8},"end":{"line":483,"column":68}},"93":{"start":{"line":484,"column":8},"end":{"line":484,"column":19039}},"94":{"start":{"line":485,"column":12},"end":{"line":485,"column":36}},"95":{"start":{"line":488,"column":8},"end":{"line":488,"column":97}},"96":{"start":{"line":489,"column":8},"end":{"line":489,"column":66}},"97":{"start":{"line":493,"column":8},"end":{"line":493,"column":68}},"98":{"start":{"line":494,"column":8},"end":{"line":494,"column":19524}},"99":{"start":{"line":495,"column":12},"end":{"line":495,"column":20}},"100":{"start":{"line":498,"column":8},"end":{"line":498,"column":67}},"101":{"start":{"line":499,"column":8},"end":{"line":499,"column":80}},"102":{"start":{"line":500,"column":8},"end":{"line":500,"column":51}},"103":{"start":{"line":504,"column":8},"end":{"line":504,"column":83}},"104":{"start":{"line":505,"column":8},"end":{"line":505,"column":54}},"105":{"start":{"line":506,"column":8},"end":{"line":506,"column":54}},"106":{"start":{"line":508,"column":8},"end":{"line":508,"column":20137}},"107":{"start":{"line":511,"column":12},"end":{"line":511,"column":20286}},"108":{"start":{"line":518,"column":8},"end":{"line":518,"column":54}}},"branchMap":{"1":{"line":106,"type":"if","locations":[{"start":{"line":106,"column":8},"end":{"line":106,"column":8}},{"start":{"line":106,"column":8},"end":{"line":106,"column":8}}]},"2":{"line":111,"type":"if","locations":[{"start":{"line":111,"column":8},"end":{"line":111,"column":8}},{"start":{"line":111,"column":8},"end":{"line":111,"column":8}}]},"3":{"line":121,"type":"if","locations":[{"start":{"line":121,"column":8},"end":{"line":121,"column":8}},{"start":{"line":121,"column":8},"end":{"line":121,"column":8}}]},"4":{"line":122,"type":"if","locations":[{"start":{"line":122,"column":8},"end":{"line":122,"column":8}},{"start":{"line":122,"column":8},"end":{"line":122,"column":8}}]},"5":{"line":151,"type":"if","locations":[{"start":{"line":151,"column":15},"end":{"line":151,"column":15}},{"start":{"line":151,"column":15},"end":{"line":151,"column":15}}]},"6":{"line":152,"type":"if","locations":[{"start":{"line":152,"column":8},"end":{"line":152,"column":8}},{"start":{"line":152,"column":8},"end":{"line":152,"column":8}}]},"7":{"line":153,"type":"if","locations":[{"start":{"line":153,"column":8},"end":{"line":153,"column":8}},{"start":{"line":153,"column":8},"end":{"line":153,"column":8}}]},"8":{"line":154,"type":"if","locations":[{"start":{"line":154,"column":8},"end":{"line":154,"column":8}},{"start":{"line":154,"column":8},"end":{"line":154,"column":8}}]},"9":{"line":155,"type":"if","locations":[{"start":{"line":155,"column":8},"end":{"line":155,"column":8}},{"start":{"line":155,"column":8},"end":{"line":155,"column":8}}]},"10":{"line":156,"type":"if","locations":[{"start":{"line":156,"column":8},"end":{"line":156,"column":8}},{"start":{"line":156,"column":8},"end":{"line":156,"column":8}}]},"11":{"line":181,"type":"if","locations":[{"start":{"line":181,"column":8},"end":{"line":181,"column":8}},{"start":{"line":181,"column":8},"end":{"line":181,"column":8}}]},"12":{"line":182,"type":"if","locations":[{"start":{"line":182,"column":8},"end":{"line":182,"column":8}},{"start":{"line":182,"column":8},"end":{"line":182,"column":8}}]},"13":{"line":183,"type":"if","locations":[{"start":{"line":183,"column":8},"end":{"line":183,"column":8}},{"start":{"line":183,"column":8},"end":{"line":183,"column":8}}]},"14":{"line":185,"type":"if","locations":[{"start":{"line":185,"column":8},"end":{"line":185,"column":8}},{"start":{"line":185,"column":8},"end":{"line":185,"column":8}}]},"15":{"line":209,"type":"if","locations":[{"start":{"line":209,"column":8},"end":{"line":209,"column":8}},{"start":{"line":209,"column":8},"end":{"line":209,"column":8}}]},"16":{"line":210,"type":"if","locations":[{"start":{"line":210,"column":8},"end":{"line":210,"column":8}},{"start":{"line":210,"column":8},"end":{"line":210,"column":8}}]},"17":{"line":211,"type":"if","locations":[{"start":{"line":211,"column":8},"end":{"line":211,"column":8}},{"start":{"line":211,"column":8},"end":{"line":211,"column":8}}]},"18":{"line":213,"type":"if","locations":[{"start":{"line":213,"column":8},"end":{"line":213,"column":8}},{"start":{"line":213,"column":8},"end":{"line":213,"column":8}}]},"19":{"line":216,"type":"if","locations":[{"start":{"line":216,"column":8},"end":{"line":216,"column":8}},{"start":{"line":216,"column":8},"end":{"line":216,"column":8}}]},"20":{"line":219,"type":"if","locations":[{"start":{"line":219,"column":8},"end":{"line":219,"column":8}},{"start":{"line":219,"column":8},"end":{"line":219,"column":8}}]},"21":{"line":239,"type":"if","locations":[{"start":{"line":239,"column":8},"end":{"line":239,"column":8}},{"start":{"line":239,"column":8},"end":{"line":239,"column":8}}]},"22":{"line":240,"type":"if","locations":[{"start":{"line":240,"column":8},"end":{"line":240,"column":8}},{"start":{"line":240,"column":8},"end":{"line":240,"column":8}}]},"23":{"line":241,"type":"if","locations":[{"start":{"line":241,"column":8},"end":{"line":241,"column":8}},{"start":{"line":241,"column":8},"end":{"line":241,"column":8}}]},"24":{"line":243,"type":"if","locations":[{"start":{"line":243,"column":8},"end":{"line":243,"column":8}},{"start":{"line":243,"column":8},"end":{"line":243,"column":8}}]},"25":{"line":246,"type":"if","locations":[{"start":{"line":246,"column":8},"end":{"line":246,"column":8}},{"start":{"line":246,"column":8},"end":{"line":246,"column":8}}]},"26":{"line":250,"type":"if","locations":[{"start":{"line":250,"column":8},"end":{"line":250,"column":8}},{"start":{"line":250,"column":8},"end":{"line":250,"column":8}}]},"27":{"line":251,"type":"if","locations":[{"start":{"line":251,"column":12},"end":{"line":251,"column":12}},{"start":{"line":251,"column":12},"end":{"line":251,"column":12}}]},"28":{"line":275,"type":"if","locations":[{"start":{"line":275,"column":8},"end":{"line":275,"column":8}},{"start":{"line":275,"column":8},"end":{"line":275,"column":8}}]},"29":{"line":276,"type":"if","locations":[{"start":{"line":276,"column":8},"end":{"line":276,"column":8}},{"start":{"line":276,"column":8},"end":{"line":276,"column":8}}]},"30":{"line":277,"type":"if","locations":[{"start":{"line":277,"column":8},"end":{"line":277,"column":8}},{"start":{"line":277,"column":8},"end":{"line":277,"column":8}}]},"31":{"line":279,"type":"if","locations":[{"start":{"line":279,"column":8},"end":{"line":279,"column":8}},{"start":{"line":279,"column":8},"end":{"line":279,"column":8}}]},"32":{"line":282,"type":"if","locations":[{"start":{"line":282,"column":8},"end":{"line":282,"column":8}},{"start":{"line":282,"column":8},"end":{"line":282,"column":8}}]},"33":{"line":286,"type":"if","locations":[{"start":{"line":286,"column":8},"end":{"line":286,"column":8}},{"start":{"line":286,"column":8},"end":{"line":286,"column":8}}]},"34":{"line":289,"type":"if","locations":[{"start":{"line":289,"column":12},"end":{"line":289,"column":12}},{"start":{"line":289,"column":12},"end":{"line":289,"column":12}}]},"35":{"line":295,"type":"if","locations":[{"start":{"line":295,"column":8},"end":{"line":295,"column":8}},{"start":{"line":295,"column":8},"end":{"line":295,"column":8}}]},"36":{"line":317,"type":"if","locations":[{"start":{"line":317,"column":8},"end":{"line":317,"column":8}},{"start":{"line":317,"column":8},"end":{"line":317,"column":8}}]},"37":{"line":318,"type":"if","locations":[{"start":{"line":318,"column":8},"end":{"line":318,"column":8}},{"start":{"line":318,"column":8},"end":{"line":318,"column":8}}]},"38":{"line":319,"type":"if","locations":[{"start":{"line":319,"column":8},"end":{"line":319,"column":8}},{"start":{"line":319,"column":8},"end":{"line":319,"column":8}}]},"39":{"line":321,"type":"if","locations":[{"start":{"line":321,"column":8},"end":{"line":321,"column":8}},{"start":{"line":321,"column":8},"end":{"line":321,"column":8}}]},"40":{"line":322,"type":"if","locations":[{"start":{"line":322,"column":8},"end":{"line":322,"column":8}},{"start":{"line":322,"column":8},"end":{"line":322,"column":8}}]},"41":{"line":325,"type":"if","locations":[{"start":{"line":325,"column":8},"end":{"line":325,"column":8}},{"start":{"line":325,"column":8},"end":{"line":325,"column":8}}]},"42":{"line":326,"type":"if","locations":[{"start":{"line":326,"column":8},"end":{"line":326,"column":8}},{"start":{"line":326,"column":8},"end":{"line":326,"column":8}}]},"43":{"line":329,"type":"if","locations":[{"start":{"line":329,"column":8},"end":{"line":329,"column":8}},{"start":{"line":329,"column":8},"end":{"line":329,"column":8}}]},"44":{"line":335,"type":"if","locations":[{"start":{"line":335,"column":8},"end":{"line":335,"column":8}},{"start":{"line":335,"column":8},"end":{"line":335,"column":8}}]},"45":{"line":371,"type":"if","locations":[{"start":{"line":371,"column":52},"end":{"line":371,"column":52}},{"start":{"line":371,"column":52},"end":{"line":371,"column":52}}]},"46":{"line":372,"type":"if","locations":[{"start":{"line":372,"column":8},"end":{"line":372,"column":8}},{"start":{"line":372,"column":8},"end":{"line":372,"column":8}}]},"47":{"line":383,"type":"if","locations":[{"start":{"line":383,"column":69},"end":{"line":383,"column":69}},{"start":{"line":383,"column":69},"end":{"line":383,"column":69}}]},"48":{"line":384,"type":"if","locations":[{"start":{"line":384,"column":8},"end":{"line":384,"column":8}},{"start":{"line":384,"column":8},"end":{"line":384,"column":8}}]},"49":{"line":392,"type":"if","locations":[{"start":{"line":392,"column":36},"end":{"line":392,"column":36}},{"start":{"line":392,"column":36},"end":{"line":392,"column":36}}]},"50":{"line":393,"type":"if","locations":[{"start":{"line":393,"column":8},"end":{"line":393,"column":8}},{"start":{"line":393,"column":8},"end":{"line":393,"column":8}}]},"51":{"line":404,"type":"if","locations":[{"start":{"line":404,"column":30},"end":{"line":404,"column":30}},{"start":{"line":404,"column":30},"end":{"line":404,"column":30}}]},"52":{"line":411,"type":"if","locations":[{"start":{"line":411,"column":32},"end":{"line":411,"column":32}},{"start":{"line":411,"column":32},"end":{"line":411,"column":32}}]},"53":{"line":445,"type":"if","locations":[{"start":{"line":445,"column":8},"end":{"line":445,"column":8}},{"start":{"line":445,"column":8},"end":{"line":445,"column":8}}]},"54":{"line":463,"type":"if","locations":[{"start":{"line":463,"column":8},"end":{"line":463,"column":8}},{"start":{"line":463,"column":8},"end":{"line":463,"column":8}}]},"55":{"line":463,"type":"cond-expr","locations":[{"start":{"line":463,"column":12},"end":{"line":463,"column":29}},{"start":{"line":463,"column":34},"end":{"line":463,"column":63}}]},"56":{"line":470,"type":"if","locations":[{"start":{"line":470,"column":8},"end":{"line":470,"column":8}},{"start":{"line":470,"column":8},"end":{"line":470,"column":8}}]},"57":{"line":484,"type":"if","locations":[{"start":{"line":484,"column":8},"end":{"line":484,"column":8}},{"start":{"line":484,"column":8},"end":{"line":484,"column":8}}]},"58":{"line":494,"type":"if","locations":[{"start":{"line":494,"column":8},"end":{"line":494,"column":8}},{"start":{"line":494,"column":8},"end":{"line":494,"column":8}}]},"59":{"line":508,"type":"if","locations":[{"start":{"line":508,"column":8},"end":{"line":508,"column":8}},{"start":{"line":508,"column":8},"end":{"line":508,"column":8}}]},"60":{"line":511,"type":"if","locations":[{"start":{"line":511,"column":12},"end":{"line":511,"column":12}},{"start":{"line":511,"column":12},"end":{"line":511,"column":12}}]}}},"contracts/NFTMarketplace.sol":{"l":{"20":0,"21":0,"25":0,"26":0,"27":0,"31":0,"32":0,"33":0,"35":0,"36":0,"38":0,"39":0,"40":0,"42":0,"46":0,"47":0,"48":0,"49":0},"path":"/Users/kevanb/Projects/unykorn/contracts/NFTMarketplace.sol","s":{"1":0,"2":0,"3":0,"4":0,"5":0,"6":0,"7":0,"8":0,"9":0,"10":0,"11":0,"12":0,"13":0},"b":{"1":[0,0],"2":[0,0],"3":[0,0],"4":[0,0],"5":[0,0],"6":[0,0],"7":[0,0]},"f":{"1":0,"2":0,"3":0,"4":0},"fnMap":{"1":{"name":"constructor","line":19,"loc":{"start":{"line":19,"column":4},"end":{"line":22,"column":4}}},"2":{"name":"list","line":24,"loc":{"start":{"line":24,"column":4},"end":{"line":28,"column":4}}},"3":{"name":"purchase","line":30,"loc":{"start":{"line":30,"column":4},"end":{"line":43,"column":4}}},"4":{"name":"cancelListing","line":45,"loc":{"start":{"line":45,"column":4},"end":{"line":50,"column":4}}}},"statementMap":{"1":{"start":{"line":25,"column":8},"end":{"line":25,"column":81}},"2":{"start":{"line":26,"column":8},"end":{"line":26,"column":67}},"3":{"start":{"line":31,"column":8},"end":{"line":31,"column":50}},"4":{"start":{"line":32,"column":8},"end":{"line":32,"column":49}},"5":{"start":{"line":33,"column":8},"end":{"line":33,"column":65}},"6":{"start":{"line":35,"column":8},"end":{"line":35,"column":59}},"7":{"start":{"line":36,"column":8},"end":{"line":36,"column":50}},"8":{"start":{"line":38,"column":8},"end":{"line":38,"column":67}},"9":{"start":{"line":39,"column":8},"end":{"line":39,"column":53}},"10":{"start":{"line":40,"column":8},"end":{"line":40,"column":42}},"11":{"start":{"line":46,"column":8},"end":{"line":46,"column":50}},"12":{"start":{"line":47,"column":8},"end":{"line":47,"column":58}},"13":{"start":{"line":48,"column":8},"end":{"line":48,"column":67}}},"branchMap":{"1":{"line":24,"type":"if","locations":[{"start":{"line":24,"column":59},"end":{"line":24,"column":59}},{"start":{"line":24,"column":59},"end":{"line":24,"column":59}}]},"2":{"line":25,"type":"if","locations":[{"start":{"line":25,"column":8},"end":{"line":25,"column":8}},{"start":{"line":25,"column":8},"end":{"line":25,"column":8}}]},"3":{"line":30,"type":"if","locations":[{"start":{"line":30,"column":56},"end":{"line":30,"column":56}},{"start":{"line":30,"column":56},"end":{"line":30,"column":56}}]},"4":{"line":32,"type":"if","locations":[{"start":{"line":32,"column":8},"end":{"line":32,"column":8}},{"start":{"line":32,"column":8},"end":{"line":32,"column":8}}]},"5":{"line":33,"type":"if","locations":[{"start":{"line":33,"column":8},"end":{"line":33,"column":8}},{"start":{"line":33,"column":8},"end":{"line":33,"column":8}}]},"6":{"line":45,"type":"if","locations":[{"start":{"line":45,"column":53},"end":{"line":45,"column":53}},{"start":{"line":45,"column":53},"end":{"line":45,"column":53}}]},"7":{"line":47,"type":"if","locations":[{"start":{"line":47,"column":8},"end":{"line":47,"column":8}},{"start":{"line":47,"column":8},"end":{"line":47,"column":8}}]}}},"contracts/NFTStaking.sol":{"l":{"21":0,"25":0,"26":0,"27":0,"31":0,"32":0,"33":0,"34":0,"36":0,"40":0,"41":0,"42":0,"43":0,"44":0,"48":0,"49":0,"50":0,"51":0,"52":0,"53":0,"54":0,"57":0,"58":0,"59":0,"60":0,"61":0},"path":"/Users/kevanb/Projects/unykorn/contracts/NFTStaking.sol","s":{"1":0,"2":0,"3":0,"4":0,"5":0,"6":0,"7":0,"8":0,"9":0,"10":0,"11":0,"12":0,"13":0,"14":0,"15":0,"16":0},"b":{"1":[0,0],"2":[0,0],"3":[0,0],"4":[0,0],"5":[0,0],"6":[0,0]},"f":{"1":0,"2":0,"3":0,"4":0,"5":0},"fnMap":{"1":{"name":"constructor","line":20,"loc":{"start":{"line":20,"column":4},"end":{"line":22,"column":4}}},"2":{"name":"stake","line":24,"loc":{"start":{"line":24,"column":4},"end":{"line":28,"column":4}}},"3":{"name":"_calculateRewards","line":30,"loc":{"start":{"line":30,"column":4},"end":{"line":37,"column":4}}},"4":{"name":"claimRewards","line":39,"loc":{"start":{"line":39,"column":4},"end":{"line":45,"column":4}}},"5":{"name":"unstake","line":47,"loc":{"start":{"line":47,"column":4},"end":{"line":62,"column":4}}}},"statementMap":{"1":{"start":{"line":25,"column":8},"end":{"line":25,"column":67}},"2":{"start":{"line":26,"column":8},"end":{"line":26,"column":89}},"3":{"start":{"line":31,"column":8},"end":{"line":31,"column":52}},"4":{"start":{"line":32,"column":8},"end":{"line":32,"column":21}},"5":{"start":{"line":33,"column":8},"end":{"line":33,"column":1168}},"6":{"start":{"line":36,"column":8},"end":{"line":36,"column":20}},"7":{"start":{"line":40,"column":8},"end":{"line":40,"column":76}},"8":{"start":{"line":41,"column":8},"end":{"line":41,"column":50}},"9":{"start":{"line":44,"column":8},"end":{"line":44,"column":43}},"10":{"start":{"line":48,"column":8},"end":{"line":48,"column":68}},"11":{"start":{"line":49,"column":8},"end":{"line":49,"column":21}},"12":{"start":{"line":50,"column":8},"end":{"line":50,"column":59}},"13":{"start":{"line":51,"column":8},"end":{"line":51,"column":1863}},"14":{"start":{"line":52,"column":12},"end":{"line":52,"column":1929}},"15":{"start":{"line":59,"column":8},"end":{"line":59,"column":23}},"16":{"start":{"line":61,"column":8},"end":{"line":61,"column":67}}},"branchMap":{"1":{"line":24,"type":"if","locations":[{"start":{"line":24,"column":45},"end":{"line":24,"column":45}},{"start":{"line":24,"column":45},"end":{"line":24,"column":45}}]},"2":{"line":39,"type":"if","locations":[{"start":{"line":39,"column":35},"end":{"line":39,"column":35}},{"start":{"line":39,"column":35},"end":{"line":39,"column":35}}]},"3":{"line":41,"type":"if","locations":[{"start":{"line":41,"column":8},"end":{"line":41,"column":8}},{"start":{"line":41,"column":8},"end":{"line":41,"column":8}}]},"4":{"line":47,"type":"if","locations":[{"start":{"line":47,"column":47},"end":{"line":47,"column":47}},{"start":{"line":47,"column":47},"end":{"line":47,"column":47}}]},"5":{"line":48,"type":"if","locations":[{"start":{"line":48,"column":8},"end":{"line":48,"column":8}},{"start":{"line":48,"column":8},"end":{"line":48,"column":8}}]},"6":{"line":52,"type":"if","locations":[{"start":{"line":52,"column":12},"end":{"line":52,"column":12}},{"start":{"line":52,"column":12},"end":{"line":52,"column":12}}]}}},"contracts/SubscriptionVault.sol":{"l":{"17":0,"21":0,"22":0,"23":0,"24":0,"26":0,"27":0,"29":0},"path":"/Users/kevanb/Projects/unykorn/contracts/SubscriptionVault.sol","s":{"1":0,"2":0,"3":0,"4":0,"5":0},"b":{"1":[0,0],"2":[0,0],"3":[0,0]},"f":{"1":0,"2":0},"fnMap":{"1":{"name":"constructor","line":16,"loc":{"start":{"line":16,"column":4},"end":{"line":18,"column":4}}},"2":{"name":"subscribe","line":20,"loc":{"start":{"line":20,"column":4},"end":{"line":30,"column":4}}}},"statementMap":{"1":{"start":{"line":21,"column":8},"end":{"line":21,"column":93}},"2":{"start":{"line":22,"column":8},"end":{"line":22,"column":49}},"3":{"start":{"line":23,"column":8},"end":{"line":23,"column":816}},"4":{"start":{"line":26,"column":8},"end":{"line":26,"column":926}},"5":{"start":{"line":29,"column":8},"end":{"line":29,"column":74}}},"branchMap":{"1":{"line":21,"type":"if","locations":[{"start":{"line":21,"column":8},"end":{"line":21,"column":8}},{"start":{"line":21,"column":8},"end":{"line":21,"column":8}}]},"2":{"line":23,"type":"if","locations":[{"start":{"line":23,"column":8},"end":{"line":23,"column":8}},{"start":{"line":23,"column":8},"end":{"line":23,"column":8}}]},"3":{"line":26,"type":"if","locations":[{"start":{"line":26,"column":8},"end":{"line":26,"column":8}},{"start":{"line":26,"column":8},"end":{"line":26,"column":8}}]}}},"contracts/VCHAN.sol":{"l":{"11":0,"15":0,"19":0,"23":0},"path":"/Users/kevanb/Projects/unykorn/contracts/VCHAN.sol","s":{"1":0,"2":0,"3":0,"4":0},"b":{"1":[0,0],"2":[0,0],"3":[0,0]},"f":{"1":0,"2":0,"3":0,"4":0},"fnMap":{"1":{"name":"constructor","line":10,"loc":{"start":{"line":10,"column":4},"end":{"line":12,"column":4}}},"2":{"name":"pause","line":14,"loc":{"start":{"line":14,"column":4},"end":{"line":16,"column":4}}},"3":{"name":"unpause","line":18,"loc":{"start":{"line":18,"column":4},"end":{"line":20,"column":4}}},"4":{"name":"_update","line":22,"loc":{"start":{"line":22,"column":4},"end":{"line":24,"column":4}}}},"statementMap":{"1":{"start":{"line":11,"column":8},"end":{"line":11,"column":39}},"2":{"start":{"line":15,"column":8},"end":{"line":15,"column":15}},"3":{"start":{"line":19,"column":8},"end":{"line":19,"column":17}},"4":{"start":{"line":23,"column":8},"end":{"line":23,"column":38}}},"branchMap":{"1":{"line":14,"type":"if","locations":[{"start":{"line":14,"column":30},"end":{"line":14,"column":30}},{"start":{"line":14,"column":30},"end":{"line":14,"column":30}}]},"2":{"line":18,"type":"if","locations":[{"start":{"line":18,"column":32},"end":{"line":18,"column":32}},{"start":{"line":18,"column":32},"end":{"line":18,"column":32}}]},"3":{"line":22,"type":"if","locations":[{"start":{"line":22,"column":81},"end":{"line":22,"column":81}},{"start":{"line":22,"column":81},"end":{"line":22,"column":81}}]}}},"contracts/VPOINT.sol":{"l":{"11":0,"15":0,"16":0},"path":"/Users/kevanb/Projects/unykorn/contracts/VPOINT.sol","s":{"1":0,"2":0,"3":0},"b":{"1":[0,0],"2":[0,0],"3":[0,0]},"f":{"1":0,"2":0,"3":0},"fnMap":{"1":{"name":"constructor","line":8,"loc":{"start":{"line":8,"column":4},"end":{"line":8,"column":65}}},"2":{"name":"mint","line":10,"loc":{"start":{"line":10,"column":4},"end":{"line":12,"column":4}}},"3":{"name":"_update","line":14,"loc":{"start":{"line":14,"column":4},"end":{"line":17,"column":4}}}},"statementMap":{"1":{"start":{"line":11,"column":8},"end":{"line":11,"column":24}},"2":{"start":{"line":15,"column":8},"end":{"line":15,"column":67}},"3":{"start":{"line":16,"column":8},"end":{"line":16,"column":38}}},"branchMap":{"1":{"line":10,"type":"if","locations":[{"start":{"line":10,"column":55},"end":{"line":10,"column":55}},{"start":{"line":10,"column":55},"end":{"line":10,"column":55}}]},"2":{"line":15,"type":"if","locations":[{"start":{"line":15,"column":8},"end":{"line":15,"column":8}},{"start":{"line":15,"column":8},"end":{"line":15,"column":8}}]},"3":{"line":15,"type":"cond-expr","locations":[{"start":{"line":15,"column":16},"end":{"line":15,"column":33}},{"start":{"line":15,"column":38},"end":{"line":15,"column":53}}]}}},"contracts/VTV.sol":{"l":{"11":0,"15":0,"19":0,"23":0},"path":"/Users/kevanb/Projects/unykorn/contracts/VTV.sol","s":{"1":0,"2":0,"3":0,"4":0},"b":{"1":[0,0],"2":[0,0],"3":[0,0]},"f":{"1":0,"2":0,"3":0,"4":0},"fnMap":{"1":{"name":"constructor","line":10,"loc":{"start":{"line":10,"column":4},"end":{"line":12,"column":4}}},"2":{"name":"pause","line":14,"loc":{"start":{"line":14,"column":4},"end":{"line":16,"column":4}}},"3":{"name":"unpause","line":18,"loc":{"start":{"line":18,"column":4},"end":{"line":20,"column":4}}},"4":{"name":"_update","line":22,"loc":{"start":{"line":22,"column":4},"end":{"line":24,"column":4}}}},"statementMap":{"1":{"start":{"line":11,"column":8},"end":{"line":11,"column":41}},"2":{"start":{"line":15,"column":8},"end":{"line":15,"column":15}},"3":{"start":{"line":19,"column":8},"end":{"line":19,"column":17}},"4":{"start":{"line":23,"column":8},"end":{"line":23,"column":38}}},"branchMap":{"1":{"line":14,"type":"if","locations":[{"start":{"line":14,"column":30},"end":{"line":14,"column":30}},{"start":{"line":14,"column":30},"end":{"line":14,"column":30}}]},"2":{"line":18,"type":"if","locations":[{"start":{"line":18,"column":32},"end":{"line":18,"column":32}},{"start":{"line":18,"column":32},"end":{"line":18,"column":32}}]},"3":{"line":22,"type":"if","locations":[{"start":{"line":22,"column":81},"end":{"line":22,"column":81}},{"start":{"line":22,"column":81},"end":{"line":22,"column":81}}]}}},"contracts/WaterVault.sol":{"l":{"75":0,"76":0,"80":0,"81":0,"82":0,"86":0,"87":0,"88":0,"92":0,"93":0,"94":0,"95":0,"111":0,"112":0,"113":0,"114":0,"116":0,"117":0,"119":0,"133":0,"135":0,"136":0,"149":0,"150":0,"151":0,"153":0,"154":0,"156":0,"157":0,"158":0,"159":0,"161":0,"162":0,"164":0,"165":0,"181":0,"182":0,"184":0,"185":0,"186":0,"188":0,"190":0,"198":0,"199":0,"200":0,"202":0,"203":0,"217":0,"218":0,"219":0,"222":0,"225":0,"226":0,"228":0,"241":0,"242":0,"244":0,"245":0,"247":0,"255":0,"256":0,"257":0,"258":0,"266":0,"267":0,"274":0,"281":0,"289":0,"290":0,"295":0,"296":0,"301":0,"302":0,"306":0,"307":0,"311":0,"315":0,"319":0,"320":0,"321":0,"322":0,"325":0,"330":0,"331":0,"332":0,"333":0,"334":0,"335":0},"path":"/Users/kevanb/Projects/unykorn/contracts/WaterVault.sol","s":{"1":0,"2":0,"3":0,"4":0,"5":0,"6":0,"7":0,"8":0,"9":0,"10":0,"11":0,"12":0,"13":0,"14":0,"15":0,"16":0,"17":0,"18":0,"19":0,"20":0,"21":0,"22":0,"23":0,"24":0,"25":0,"26":0,"27":0,"28":0,"29":0,"30":0,"31":0,"32":0,"33":0,"34":0,"35":0,"36":0,"37":0,"38":0,"39":0,"40":0,"41":0,"42":0,"43":0,"44":0,"45":0,"46":0,"47":0,"48":0,"49":0,"50":0,"51":0,"52":0,"53":0,"54":0,"55":0,"56":0,"57":0,"58":0,"59":0,"60":0,"61":0,"62":0,"63":0},"b":{"1":[0,0],"2":[0,0],"3":[0,0],"4":[0,0],"5":[0,0],"6":[0,0],"7":[0,0],"8":[0,0],"9":[0,0],"10":[0,0],"11":[0,0],"12":[0,0],"13":[0,0],"14":[0,0],"15":[0,0],"16":[0,0],"17":[0,0],"18":[0,0],"19":[0,0],"20":[0,0],"21":[0,0],"22":[0,0],"23":[0,0],"24":[0,0],"25":[0,0],"26":[0,0],"27":[0,0],"28":[0,0],"29":[0,0],"30":[0,0],"31":[0,0],"32":[0,0],"33":[0,0],"34":[0,0],"35":[0,0],"36":[0,0],"37":[0,0],"38":[0,0],"39":[0,0],"40":[0,0],"41":[0,0],"42":[0,0],"43":[0,0],"44":[0,0],"45":[0,0],"46":[0,0],"47":[0,0],"48":[0,0]},"f":{"1":0,"2":0,"3":0,"4":0,"5":0,"6":0,"7":0,"8":0,"9":0,"10":0,"11":0,"12":0,"13":0,"14":0,"15":0,"16":0,"17":0,"18":0,"19":0,"20":0},"fnMap":{"1":{"name":"onlyOracle","line":74,"loc":{"start":{"line":74,"column":4},"end":{"line":77,"column":4}}},"2":{"name":"validProject","line":79,"loc":{"start":{"line":79,"column":4},"end":{"line":83,"column":4}}},"3":{"name":"validCredit","line":85,"loc":{"start":{"line":85,"column":4},"end":{"line":89,"column":4}}},"4":{"name":"constructor","line":91,"loc":{"start":{"line":91,"column":4},"end":{"line":96,"column":4}}},"5":{"name":"registerProject","line":110,"loc":{"start":{"line":105,"column":4},"end":{"line":137,"column":4}}},"6":{"name":"verifyProject","line":147,"loc":{"start":{"line":144,"column":4},"end":{"line":166,"column":4}}},"7":{"name":"issueCredits","line":178,"loc":{"start":{"line":174,"column":4},"end":{"line":204,"column":4}}},"8":{"name":"transferCredits","line":215,"loc":{"start":{"line":211,"column":4},"end":{"line":229,"column":4}}},"9":{"name":"retireCredits","line":239,"loc":{"start":{"line":235,"column":4},"end":{"line":248,"column":4}}},"10":{"name":"updateOracle","line":254,"loc":{"start":{"line":254,"column":4},"end":{"line":259,"column":4}}},"11":{"name":"updateFeeRate","line":265,"loc":{"start":{"line":265,"column":4},"end":{"line":268,"column":4}}},"12":{"name":"pause","line":273,"loc":{"start":{"line":273,"column":4},"end":{"line":275,"column":4}}},"13":{"name":"unpause","line":280,"loc":{"start":{"line":280,"column":4},"end":{"line":282,"column":4}}},"14":{"name":"deactivateProject","line":288,"loc":{"start":{"line":288,"column":4},"end":{"line":297,"column":4}}},"15":{"name":"getProject","line":300,"loc":{"start":{"line":300,"column":4},"end":{"line":303,"column":4}}},"16":{"name":"getCredit","line":305,"loc":{"start":{"line":305,"column":4},"end":{"line":308,"column":4}}},"17":{"name":"getUserProjects","line":310,"loc":{"start":{"line":310,"column":4},"end":{"line":312,"column":4}}},"18":{"name":"getUserCredits","line":314,"loc":{"start":{"line":314,"column":4},"end":{"line":316,"column":4}}},"19":{"name":"getActiveProjectsCount","line":318,"loc":{"start":{"line":318,"column":4},"end":{"line":326,"column":4}}},"20":{"name":"_removeUserCredit","line":329,"loc":{"start":{"line":329,"column":4},"end":{"line":338,"column":4}}}},"statementMap":{"1":{"start":{"line":75,"column":8},"end":{"line":75,"column":77}},"2":{"start":{"line":80,"column":8},"end":{"line":80,"column":92}},"3":{"start":{"line":81,"column":8},"end":{"line":81,"column":78}},"4":{"start":{"line":86,"column":8},"end":{"line":86,"column":88}},"5":{"start":{"line":87,"column":8},"end":{"line":87,"column":82}},"6":{"start":{"line":92,"column":8},"end":{"line":92,"column":80}},"7":{"start":{"line":111,"column":8},"end":{"line":111,"column":82}},"8":{"start":{"line":112,"column":8},"end":{"line":112,"column":75}},"9":{"start":{"line":113,"column":8},"end":{"line":113,"column":74}},"10":{"start":{"line":114,"column":8},"end":{"line":114,"column":74}},"11":{"start":{"line":116,"column":8},"end":{"line":116,"column":43}},"12":{"start":{"line":117,"column":8},"end":{"line":117,"column":61}},"13":{"start":{"line":133,"column":8},"end":{"line":133,"column":47}},"14":{"start":{"line":135,"column":8},"end":{"line":135,"column":78}},"15":{"start":{"line":136,"column":8},"end":{"line":136,"column":24}},"16":{"start":{"line":149,"column":8},"end":{"line":149,"column":92}},"17":{"start":{"line":150,"column":8},"end":{"line":150,"column":89}},"18":{"start":{"line":151,"column":8},"end":{"line":151,"column":96}},"19":{"start":{"line":153,"column":8},"end":{"line":153,"column":58}},"20":{"start":{"line":154,"column":8},"end":{"line":154,"column":73}},"21":{"start":{"line":164,"column":8},"end":{"line":164,"column":78}},"22":{"start":{"line":165,"column":8},"end":{"line":165,"column":50}},"23":{"start":{"line":181,"column":8},"end":{"line":181,"column":72}},"24":{"start":{"line":182,"column":8},"end":{"line":182,"column":65}},"25":{"start":{"line":184,"column":8},"end":{"line":184,"column":58}},"26":{"start":{"line":185,"column":8},"end":{"line":185,"column":94}},"27":{"start":{"line":186,"column":8},"end":{"line":186,"column":96}},"28":{"start":{"line":188,"column":8},"end":{"line":188,"column":41}},"29":{"start":{"line":200,"column":8},"end":{"line":200,"column":44}},"30":{"start":{"line":202,"column":8},"end":{"line":202,"column":66}},"31":{"start":{"line":203,"column":8},"end":{"line":203,"column":23}},"32":{"start":{"line":217,"column":8},"end":{"line":217,"column":65}},"33":{"start":{"line":218,"column":8},"end":{"line":218,"column":54}},"34":{"start":{"line":219,"column":8},"end":{"line":219,"column":81}},"35":{"start":{"line":222,"column":8},"end":{"line":222,"column":48}},"36":{"start":{"line":226,"column":8},"end":{"line":226,"column":37}},"37":{"start":{"line":228,"column":8},"end":{"line":228,"column":57}},"38":{"start":{"line":241,"column":8},"end":{"line":241,"column":54}},"39":{"start":{"line":242,"column":8},"end":{"line":242,"column":79}},"40":{"start":{"line":245,"column":8},"end":{"line":245,"column":48}},"41":{"start":{"line":247,"column":8},"end":{"line":247,"column":64}},"42":{"start":{"line":255,"column":8},"end":{"line":255,"column":77}},"43":{"start":{"line":258,"column":8},"end":{"line":258,"column":54}},"44":{"start":{"line":266,"column":8},"end":{"line":266,"column":67}},"45":{"start":{"line":274,"column":8},"end":{"line":274,"column":15}},"46":{"start":{"line":281,"column":8},"end":{"line":281,"column":17}},"47":{"start":{"line":289,"column":8},"end":{"line":289,"column":92}},"48":{"start":{"line":290,"column":8},"end":{"line":290,"column":10300}},"49":{"start":{"line":296,"column":8},"end":{"line":296,"column":51}},"50":{"start":{"line":301,"column":8},"end":{"line":301,"column":92}},"51":{"start":{"line":302,"column":8},"end":{"line":302,"column":34}},"52":{"start":{"line":306,"column":8},"end":{"line":306,"column":88}},"53":{"start":{"line":307,"column":8},"end":{"line":307,"column":32}},"54":{"start":{"line":311,"column":8},"end":{"line":311,"column":33}},"55":{"start":{"line":315,"column":8},"end":{"line":315,"column":32}},"56":{"start":{"line":319,"column":8},"end":{"line":319,"column":25}},"57":{"start":{"line":320,"column":8},"end":{"line":320,"column":11408}},"58":{"start":{"line":321,"column":12},"end":{"line":321,"column":11470}},"59":{"start":{"line":325,"column":8},"end":{"line":325,"column":20}},"60":{"start":{"line":330,"column":8},"end":{"line":330,"column":61}},"61":{"start":{"line":331,"column":8},"end":{"line":331,"column":11743}},"62":{"start":{"line":332,"column":12},"end":{"line":332,"column":11814}},"63":{"start":{"line":334,"column":16},"end":{"line":334,"column":36}}},"branchMap":{"1":{"line":75,"type":"if","locations":[{"start":{"line":75,"column":8},"end":{"line":75,"column":8}},{"start":{"line":75,"column":8},"end":{"line":75,"column":8}}]},"2":{"line":80,"type":"if","locations":[{"start":{"line":80,"column":8},"end":{"line":80,"column":8}},{"start":{"line":80,"column":8},"end":{"line":80,"column":8}}]},"3":{"line":81,"type":"if","locations":[{"start":{"line":81,"column":8},"end":{"line":81,"column":8}},{"start":{"line":81,"column":8},"end":{"line":81,"column":8}}]},"4":{"line":86,"type":"if","locations":[{"start":{"line":86,"column":8},"end":{"line":86,"column":8}},{"start":{"line":86,"column":8},"end":{"line":86,"column":8}}]},"5":{"line":87,"type":"if","locations":[{"start":{"line":87,"column":8},"end":{"line":87,"column":8}},{"start":{"line":87,"column":8},"end":{"line":87,"column":8}}]},"6":{"line":92,"type":"if","locations":[{"start":{"line":92,"column":8},"end":{"line":92,"column":8}},{"start":{"line":92,"column":8},"end":{"line":92,"column":8}}]},"7":{"line":110,"type":"if","locations":[{"start":{"line":110,"column":15},"end":{"line":110,"column":15}},{"start":{"line":110,"column":15},"end":{"line":110,"column":15}}]},"8":{"line":110,"type":"if","locations":[{"start":{"line":110,"column":28},"end":{"line":110,"column":28}},{"start":{"line":110,"column":28},"end":{"line":110,"column":28}}]},"9":{"line":111,"type":"if","locations":[{"start":{"line":111,"column":8},"end":{"line":111,"column":8}},{"start":{"line":111,"column":8},"end":{"line":111,"column":8}}]},"10":{"line":112,"type":"if","locations":[{"start":{"line":112,"column":8},"end":{"line":112,"column":8}},{"start":{"line":112,"column":8},"end":{"line":112,"column":8}}]},"11":{"line":113,"type":"if","locations":[{"start":{"line":113,"column":8},"end":{"line":113,"column":8}},{"start":{"line":113,"column":8},"end":{"line":113,"column":8}}]},"12":{"line":114,"type":"if","locations":[{"start":{"line":114,"column":8},"end":{"line":114,"column":8}},{"start":{"line":114,"column":8},"end":{"line":114,"column":8}}]},"13":{"line":146,"type":"if","locations":[{"start":{"line":146,"column":8},"end":{"line":146,"column":8}},{"start":{"line":146,"column":8},"end":{"line":146,"column":8}}]},"14":{"line":147,"type":"if","locations":[{"start":{"line":147,"column":8},"end":{"line":147,"column":8}},{"start":{"line":147,"column":8},"end":{"line":147,"column":8}}]},"15":{"line":149,"type":"if","locations":[{"start":{"line":149,"column":8},"end":{"line":149,"column":8}},{"start":{"line":149,"column":8},"end":{"line":149,"column":8}}]},"16":{"line":150,"type":"if","locations":[{"start":{"line":150,"column":8},"end":{"line":150,"column":8}},{"start":{"line":150,"column":8},"end":{"line":150,"column":8}}]},"17":{"line":151,"type":"if","locations":[{"start":{"line":151,"column":8},"end":{"line":151,"column":8}},{"start":{"line":151,"column":8},"end":{"line":151,"column":8}}]},"18":{"line":154,"type":"if","locations":[{"start":{"line":154,"column":8},"end":{"line":154,"column":8}},{"start":{"line":154,"column":8},"end":{"line":154,"column":8}}]},"19":{"line":176,"type":"if","locations":[{"start":{"line":176,"column":8},"end":{"line":176,"column":8}},{"start":{"line":176,"column":8},"end":{"line":176,"column":8}}]},"20":{"line":177,"type":"if","locations":[{"start":{"line":177,"column":8},"end":{"line":177,"column":8}},{"start":{"line":177,"column":8},"end":{"line":177,"column":8}}]},"21":{"line":178,"type":"if","locations":[{"start":{"line":178,"column":8},"end":{"line":178,"column":8}},{"start":{"line":178,"column":8},"end":{"line":178,"column":8}}]},"22":{"line":181,"type":"if","locations":[{"start":{"line":181,"column":8},"end":{"line":181,"column":8}},{"start":{"line":181,"column":8},"end":{"line":181,"column":8}}]},"23":{"line":182,"type":"if","locations":[{"start":{"line":182,"column":8},"end":{"line":182,"column":8}},{"start":{"line":182,"column":8},"end":{"line":182,"column":8}}]},"24":{"line":185,"type":"if","locations":[{"start":{"line":185,"column":8},"end":{"line":185,"column":8}},{"start":{"line":185,"column":8},"end":{"line":185,"column":8}}]},"25":{"line":186,"type":"if","locations":[{"start":{"line":186,"column":8},"end":{"line":186,"column":8}},{"start":{"line":186,"column":8},"end":{"line":186,"column":8}}]},"26":{"line":213,"type":"if","locations":[{"start":{"line":213,"column":8},"end":{"line":213,"column":8}},{"start":{"line":213,"column":8},"end":{"line":213,"column":8}}]},"27":{"line":214,"type":"if","locations":[{"start":{"line":214,"column":8},"end":{"line":214,"column":8}},{"start":{"line":214,"column":8},"end":{"line":214,"column":8}}]},"28":{"line":215,"type":"if","locations":[{"start":{"line":215,"column":8},"end":{"line":215,"column":8}},{"start":{"line":215,"column":8},"end":{"line":215,"column":8}}]},"29":{"line":217,"type":"if","locations":[{"start":{"line":217,"column":8},"end":{"line":217,"column":8}},{"start":{"line":217,"column":8},"end":{"line":217,"column":8}}]},"30":{"line":219,"type":"if","locations":[{"start":{"line":219,"column":8},"end":{"line":219,"column":8}},{"start":{"line":219,"column":8},"end":{"line":219,"column":8}}]},"31":{"line":237,"type":"if","locations":[{"start":{"line":237,"column":8},"end":{"line":237,"column":8}},{"start":{"line":237,"column":8},"end":{"line":237,"column":8}}]},"32":{"line":238,"type":"if","locations":[{"start":{"line":238,"column":8},"end":{"line":238,"column":8}},{"start":{"line":238,"column":8},"end":{"line":238,"column":8}}]},"33":{"line":239,"type":"if","locations":[{"start":{"line":239,"column":8},"end":{"line":239,"column":8}},{"start":{"line":239,"column":8},"end":{"line":239,"column":8}}]},"34":{"line":242,"type":"if","locations":[{"start":{"line":242,"column":8},"end":{"line":242,"column":8}},{"start":{"line":242,"column":8},"end":{"line":242,"column":8}}]},"35":{"line":254,"type":"if","locations":[{"start":{"line":254,"column":54},"end":{"line":254,"column":54}},{"start":{"line":254,"column":54},"end":{"line":254,"column":54}}]},"36":{"line":255,"type":"if","locations":[{"start":{"line":255,"column":8},"end":{"line":255,"column":8}},{"start":{"line":255,"column":8},"end":{"line":255,"column":8}}]},"37":{"line":265,"type":"if","locations":[{"start":{"line":265,"column":56},"end":{"line":265,"column":56}},{"start":{"line":265,"column":56},"end":{"line":265,"column":56}}]},"38":{"line":266,"type":"if","locations":[{"start":{"line":266,"column":8},"end":{"line":266,"column":8}},{"start":{"line":266,"column":8},"end":{"line":266,"column":8}}]},"39":{"line":273,"type":"if","locations":[{"start":{"line":273,"column":30},"end":{"line":273,"column":30}},{"start":{"line":273,"column":30},"end":{"line":273,"column":30}}]},"40":{"line":280,"type":"if","locations":[{"start":{"line":280,"column":32},"end":{"line":280,"column":32}},{"start":{"line":280,"column":32},"end":{"line":280,"column":32}}]},"41":{"line":289,"type":"if","locations":[{"start":{"line":289,"column":8},"end":{"line":289,"column":8}},{"start":{"line":289,"column":8},"end":{"line":289,"column":8}}]},"42":{"line":290,"type":"if","locations":[{"start":{"line":290,"column":8},"end":{"line":290,"column":8}},{"start":{"line":290,"column":8},"end":{"line":290,"column":8}}]},"43":{"line":291,"type":"cond-expr","locations":[{"start":{"line":291,"column":12},"end":{"line":291,"column":32}},{"start":{"line":291,"column":37},"end":{"line":291,"column":61}}]},"44":{"line":291,"type":"cond-expr","locations":[{"start":{"line":291,"column":12},"end":{"line":291,"column":61}},{"start":{"line":291,"column":66},"end":{"line":291,"column":111}}]},"45":{"line":301,"type":"if","locations":[{"start":{"line":301,"column":8},"end":{"line":301,"column":8}},{"start":{"line":301,"column":8},"end":{"line":301,"column":8}}]},"46":{"line":306,"type":"if","locations":[{"start":{"line":306,"column":8},"end":{"line":306,"column":8}},{"start":{"line":306,"column":8},"end":{"line":306,"column":8}}]},"47":{"line":321,"type":"if","locations":[{"start":{"line":321,"column":12},"end":{"line":321,"column":12}},{"start":{"line":321,"column":12},"end":{"line":321,"column":12}}]},"48":{"line":332,"type":"if","locations":[{"start":{"line":332,"column":12},"end":{"line":332,"column":12}},{"start":{"line":332,"column":12},"end":{"line":332,"column":12}}]}}}}