TN:
SF:/Users/kevanb/Projects/unykorn/contracts/AffiliateRouter.sol
FN:10,constructor
FN:14,recordCommission
FN:18,claim
FNF:3
FNH:0
FNDA:0,constructor
FNDA:0,recordCommission
FNDA:0,claim
DA:11,0
DA:15,0
DA:19,0
DA:20,0
DA:21,0
DA:22,0
LF:6
LH:0
BRDA:14,1,0,0
BRDA:14,1,1,0
BRDA:20,2,0,0
BRDA:20,2,1,0
BRDA:22,3,0,0
BRDA:22,3,1,0
BRF:6
BRH:0
end_of_record
TN:
SF:/Users/kevanb/Projects/unykorn/contracts/CarbonVault.sol
FN:40,onlyAuthorizedIssuer
FN:45,constructor
FN:50,authorizeIssuer
FN:55,revokeIssuer
FN:66,issueCarbonCredit
FN:91,retireCarbonCredit
FN:103,tradeCarbonCredit
FN:113,getCarbonCredit
FN:117,getUserCredits
FN:121,setCarbonOracle
FN:126,pause
FN:130,unpause
FNF:12
FNH:0
FNDA:0,onlyAuthorizedIssuer
FNDA:0,constructor
FNDA:0,authorizeIssuer
FNDA:0,revokeIssuer
FNDA:0,issueCarbonCredit
FNDA:0,retireCarbonCredit
FNDA:0,tradeCarbonCredit
FNDA:0,getCarbonCredit
FNDA:0,getUserCredits
FNDA:0,setCarbonOracle
FNDA:0,pause
FNDA:0,unpause
DA:41,0
DA:42,0
DA:46,0
DA:47,0
DA:51,0
DA:52,0
DA:56,0
DA:57,0
DA:67,0
DA:68,0
DA:69,0
DA:70,0
DA:72,0
DA:73,0
DA:75,0
DA:85,0
DA:86,0
DA:88,0
DA:92,0
DA:93,0
DA:94,0
DA:95,0
DA:97,0
DA:98,0
DA:100,0
DA:104,0
DA:105,0
DA:106,0
DA:107,0
DA:108,0
DA:110,0
DA:114,0
DA:118,0
DA:122,0
DA:123,0
DA:127,0
DA:131,0
LF:37
LH:0
BRDA:41,1,0,0
BRDA:41,1,1,0
BRDA:50,2,0,0
BRDA:50,2,1,0
BRDA:55,3,0,0
BRDA:55,3,1,0
BRDA:66,4,0,0
BRDA:66,4,1,0
BRDA:66,5,0,0
BRDA:66,5,1,0
BRDA:67,6,0,0
BRDA:67,6,1,0
BRDA:68,7,0,0
BRDA:68,7,1,0
BRDA:69,8,0,0
BRDA:69,8,1,0
BRDA:70,9,0,0
BRDA:70,9,1,0
BRDA:73,10,0,0
BRDA:73,10,1,0
BRDA:91,11,0,0
BRDA:91,11,1,0
BRDA:93,12,0,0
BRDA:93,12,1,0
BRDA:94,13,0,0
BRDA:94,13,1,0
BRDA:95,14,0,0
BRDA:95,14,1,0
BRDA:105,15,0,0
BRDA:105,15,1,0
BRDA:106,16,0,0
BRDA:106,16,1,0
BRDA:107,17,0,0
BRDA:107,17,1,0
BRDA:108,18,0,0
BRDA:108,18,1,0
BRDA:121,19,0,0
BRDA:121,19,1,0
BRDA:122,20,0,0
BRDA:122,20,1,0
BRDA:126,21,0,0
BRDA:126,21,1,0
BRDA:130,22,0,0
BRDA:130,22,1,0
BRF:44
BRH:0
end_of_record
TN:
SF:/Users/kevanb/Projects/unykorn/contracts/CBDCBridge.sol
FN:63,onlyAuthorizedValidator
FN:68,constructor
FN:73,addValidator
FN:79,removeValidator
FN:84,setTokenLimit
FN:95,initiateBridge
FN:147,completeBridge
FN:171,cancelBridge
FN:189,emergencyWithdraw
FN:193,setBridgeFee
FN:198,setCBDCValidator
FN:203,getBridgeTransaction
FN:207,getDailyVolume
FN:211,getTodayVolume
FN:216,pause
FN:220,unpause
FN:224,withdraw
FNF:17
FNH:0
FNDA:0,onlyAuthorizedValidator
FNDA:0,constructor
FNDA:0,addValidator
FNDA:0,removeValidator
FNDA:0,setTokenLimit
FNDA:0,initiateBridge
FNDA:0,completeBridge
FNDA:0,cancelBridge
FNDA:0,emergencyWithdraw
FNDA:0,setBridgeFee
FNDA:0,setCBDCValidator
FNDA:0,getBridgeTransaction
FNDA:0,getDailyVolume
FNDA:0,getTodayVolume
FNDA:0,pause
FNDA:0,unpause
FNDA:0,withdraw
DA:64,0
DA:65,0
DA:69,0
DA:70,0
DA:74,0
DA:75,0
DA:76,0
DA:80,0
DA:81,0
DA:85,0
DA:86,0
DA:96,0
DA:97,0
DA:98,0
DA:99,0
DA:102,0
DA:103,0
DA:106,0
DA:107,0
DA:109,0
DA:120,0
DA:123,0
DA:125,0
DA:139,0
DA:141,0
DA:148,0
DA:149,0
DA:150,0
DA:151,0
DA:152,0
DA:158,0
DA:163,0
DA:166,0
DA:168,0
DA:172,0
DA:173,0
DA:174,0
DA:175,0
DA:176,0
DA:181,0
DA:184,0
DA:186,0
DA:190,0
DA:194,0
DA:195,0
DA:199,0
DA:200,0
DA:204,0
DA:208,0
DA:212,0
DA:213,0
DA:217,0
DA:221,0
DA:225,0
LF:54
LH:0
BRDA:64,1,0,0
BRDA:64,1,1,0
BRDA:73,2,0,0
BRDA:73,2,1,0
BRDA:74,3,0,0
BRDA:74,3,1,0
BRDA:79,4,0,0
BRDA:79,4,1,0
BRDA:84,5,0,0
BRDA:84,5,1,0
BRDA:95,6,0,0
BRDA:95,6,1,0
BRDA:95,7,0,0
BRDA:95,7,1,0
BRDA:96,8,0,0
BRDA:96,8,1,0
BRDA:97,9,0,0
BRDA:97,9,1,0
BRDA:98,10,0,0
BRDA:98,10,1,0
BRDA:99,11,0,0
BRDA:99,11,1,0
BRDA:103,12,0,0
BRDA:103,12,1,0
BRDA:107,13,0,0
BRDA:107,13,1,0
BRDA:120,14,0,0
BRDA:120,14,1,0
BRDA:147,15,0,0
BRDA:147,15,1,0
BRDA:147,16,0,0
BRDA:147,16,1,0
BRDA:149,17,0,0
BRDA:149,17,1,0
BRDA:150,18,0,0
BRDA:150,18,1,0
BRDA:151,19,0,0
BRDA:151,19,1,0
BRDA:152,20,0,0
BRDA:152,20,1,0
BRDA:158,21,0,0
BRDA:158,21,1,0
BRDA:173,22,0,0
BRDA:173,22,1,0
BRDA:174,23,0,0
BRDA:174,23,1,0
BRDA:175,24,0,0
BRDA:175,24,1,0
BRDA:176,25,0,0
BRDA:176,25,1,0
BRDA:177,26,0,0
BRDA:177,26,1,0
BRDA:189,27,0,0
BRDA:189,27,1,0
BRDA:193,28,0,0
BRDA:193,28,1,0
BRDA:194,29,0,0
BRDA:194,29,1,0
BRDA:198,30,0,0
BRDA:198,30,1,0
BRDA:199,31,0,0
BRDA:199,31,1,0
BRDA:216,32,0,0
BRDA:216,32,1,0
BRDA:220,33,0,0
BRDA:220,33,1,0
BRDA:224,34,0,0
BRDA:224,34,1,0
BRF:68
BRH:0
end_of_record
TN:
SF:/Users/kevanb/Projects/unykorn/contracts/ESGStablecoin.sol
FN:105,validCollateral
FN:110,onlyEmergencyOracle
FN:120,constructor
FN:151,addCollateral
FN:183,depositCollateral
FN:211,mintStablecoin
FN:241,repayStablecoin
FN:277,withdrawCollateral
FN:319,liquidate
FN:371,updatePrice
FN:383,updateESGScore
FN:392,collectFees
FN:404,pause
FN:411,unpause
FN:416,getCollateralInfo
FN:420,getUserPosition
FN:424,getMaxMintable
FN:428,isLiquidatable
FN:432,getCollateralRatio
FN:436,getUserESGScore
FN:440,getCollateralAssets
FN:444,getLiquidationHistory
FN:450,_getCollateralValue
FN:455,_getCollateralPrice
FN:461,_getMaxMintable
FN:477,_isLiquidatable
FN:482,_getCollateralRatio
FN:492,_calculateStabilityFee
FN:503,_updateESGScore
FNF:29
FNH:0
FNDA:0,validCollateral
FNDA:0,onlyEmergencyOracle
FNDA:0,constructor
FNDA:0,addCollateral
FNDA:0,depositCollateral
FNDA:0,mintStablecoin
FNDA:0,repayStablecoin
FNDA:0,withdrawCollateral
FNDA:0,liquidate
FNDA:0,updatePrice
FNDA:0,updateESGScore
FNDA:0,collectFees
FNDA:0,pause
FNDA:0,unpause
FNDA:0,getCollateralInfo
FNDA:0,getUserPosition
FNDA:0,getMaxMintable
FNDA:0,isLiquidatable
FNDA:0,getCollateralRatio
FNDA:0,getUserESGScore
FNDA:0,getCollateralAssets
FNDA:0,getLiquidationHistory
FNDA:0,_getCollateralValue
FNDA:0,_getCollateralPrice
FNDA:0,_getMaxMintable
FNDA:0,_isLiquidatable
FNDA:0,_getCollateralRatio
FNDA:0,_calculateStabilityFee
FNDA:0,_updateESGScore
DA:106,0
DA:107,0
DA:111,0
DA:112,0
DA:121,0
DA:122,0
DA:124,0
DA:125,0
DA:126,0
DA:127,0
DA:130,0
DA:131,0
DA:132,0
DA:133,0
DA:134,0
DA:152,0
DA:153,0
DA:154,0
DA:155,0
DA:156,0
DA:158,0
DA:170,0
DA:171,0
DA:185,0
DA:187,0
DA:189,0
DA:190,0
DA:191,0
DA:192,0
DA:194,0
DA:197,0
DA:199,0
DA:213,0
DA:215,0
DA:216,0
DA:218,0
DA:219,0
DA:221,0
DA:222,0
DA:224,0
DA:225,0
DA:227,0
DA:229,0
DA:243,0
DA:245,0
DA:246,0
DA:249,0
DA:250,0
DA:251,0
DA:252,0
DA:253,0
DA:254,0
DA:257,0
DA:259,0
DA:260,0
DA:262,0
DA:263,0
DA:265,0
DA:279,0
DA:281,0
DA:282,0
DA:285,0
DA:286,0
DA:287,0
DA:288,0
DA:289,0
DA:292,0
DA:293,0
DA:295,0
DA:296,0
DA:299,0
DA:302,0
DA:304,0
DA:306,0
DA:321,0
DA:322,0
DA:324,0
DA:325,0
DA:326,0
DA:329,0
DA:332,0
DA:333,0
DA:335,0
DA:338,0
DA:341,0
DA:342,0
DA:343,0
DA:345,0
DA:346,0
DA:347,0
DA:349,0
DA:352,0
DA:361,0
DA:362,0
DA:364,0
DA:372,0
DA:373,0
DA:374,0
DA:375,0
DA:384,0
DA:385,0
DA:386,0
DA:393,0
DA:394,0
DA:395,0
DA:396,0
DA:398,0
DA:405,0
DA:412,0
DA:417,0
DA:421,0
DA:425,0
DA:429,0
DA:433,0
DA:437,0
DA:441,0
DA:445,0
DA:446,0
DA:451,0
DA:452,0
DA:458,0
DA:462,0
DA:463,0
DA:464,0
DA:467,0
DA:468,0
DA:470,0
DA:471,0
DA:474,0
DA:478,0
DA:479,0
DA:483,0
DA:484,0
DA:485,0
DA:488,0
DA:489,0
DA:493,0
DA:494,0
DA:495,0
DA:498,0
DA:499,0
DA:500,0
DA:504,0
DA:505,0
DA:506,0
DA:508,0
DA:509,0
DA:511,0
DA:512,0
DA:514,0
DA:518,0
LF:151
LH:0
BRDA:106,1,0,0
BRDA:106,1,1,0
BRDA:111,2,0,0
BRDA:111,2,1,0
BRDA:121,3,0,0
BRDA:121,3,1,0
BRDA:122,4,0,0
BRDA:122,4,1,0
BRDA:151,5,0,0
BRDA:151,5,1,0
BRDA:152,6,0,0
BRDA:152,6,1,0
BRDA:153,7,0,0
BRDA:153,7,1,0
BRDA:154,8,0,0
BRDA:154,8,1,0
BRDA:155,9,0,0
BRDA:155,9,1,0
BRDA:156,10,0,0
BRDA:156,10,1,0
BRDA:181,11,0,0
BRDA:181,11,1,0
BRDA:182,12,0,0
BRDA:182,12,1,0
BRDA:183,13,0,0
BRDA:183,13,1,0
BRDA:185,14,0,0
BRDA:185,14,1,0
BRDA:209,15,0,0
BRDA:209,15,1,0
BRDA:210,16,0,0
BRDA:210,16,1,0
BRDA:211,17,0,0
BRDA:211,17,1,0
BRDA:213,18,0,0
BRDA:213,18,1,0
BRDA:216,19,0,0
BRDA:216,19,1,0
BRDA:219,20,0,0
BRDA:219,20,1,0
BRDA:239,21,0,0
BRDA:239,21,1,0
BRDA:240,22,0,0
BRDA:240,22,1,0
BRDA:241,23,0,0
BRDA:241,23,1,0
BRDA:243,24,0,0
BRDA:243,24,1,0
BRDA:246,25,0,0
BRDA:246,25,1,0
BRDA:250,26,0,0
BRDA:250,26,1,0
BRDA:251,27,0,0
BRDA:251,27,1,0
BRDA:275,28,0,0
BRDA:275,28,1,0
BRDA:276,29,0,0
BRDA:276,29,1,0
BRDA:277,30,0,0
BRDA:277,30,1,0
BRDA:279,31,0,0
BRDA:279,31,1,0
BRDA:282,32,0,0
BRDA:282,32,1,0
BRDA:286,33,0,0
BRDA:286,33,1,0
BRDA:289,34,0,0
BRDA:289,34,1,0
BRDA:295,35,0,0
BRDA:295,35,1,0
BRDA:317,36,0,0
BRDA:317,36,1,0
BRDA:318,37,0,0
BRDA:318,37,1,0
BRDA:319,38,0,0
BRDA:319,38,1,0
BRDA:321,39,0,0
BRDA:321,39,1,0
BRDA:322,40,0,0
BRDA:322,40,1,0
BRDA:325,41,0,0
BRDA:325,41,1,0
BRDA:326,42,0,0
BRDA:326,42,1,0
BRDA:329,43,0,0
BRDA:329,43,1,0
BRDA:335,44,0,0
BRDA:335,44,1,0
BRDA:371,45,0,0
BRDA:371,45,1,0
BRDA:372,46,0,0
BRDA:372,46,1,0
BRDA:383,47,0,0
BRDA:383,47,1,0
BRDA:384,48,0,0
BRDA:384,48,1,0
BRDA:392,49,0,0
BRDA:392,49,1,0
BRDA:393,50,0,0
BRDA:393,50,1,0
BRDA:404,51,0,0
BRDA:404,51,1,0
BRDA:411,52,0,0
BRDA:411,52,1,0
BRDA:445,53,0,0
BRDA:445,53,1,0
BRDA:463,54,0,0
BRDA:463,54,1,0
BRDA:463,55,0,0
BRDA:463,55,1,0
BRDA:470,56,0,0
BRDA:470,56,1,0
BRDA:484,57,0,0
BRDA:484,57,1,0
BRDA:494,58,0,0
BRDA:494,58,1,0
BRDA:508,59,0,0
BRDA:508,59,1,0
BRDA:511,60,0,0
BRDA:511,60,1,0
BRF:120
BRH:0
end_of_record
TN:
SF:/Users/kevanb/Projects/unykorn/contracts/NFTMarketplace.sol
FN:19,constructor
FN:24,list
FN:30,purchase
FN:45,cancelListing
FNF:4
FNH:0
FNDA:0,constructor
FNDA:0,list
FNDA:0,purchase
FNDA:0,cancelListing
DA:20,0
DA:21,0
DA:25,0
DA:26,0
DA:27,0
DA:31,0
DA:32,0
DA:33,0
DA:35,0
DA:36,0
DA:38,0
DA:39,0
DA:40,0
DA:42,0
DA:46,0
DA:47,0
DA:48,0
DA:49,0
LF:18
LH:0
BRDA:24,1,0,0
BRDA:24,1,1,0
BRDA:25,2,0,0
BRDA:25,2,1,0
BRDA:30,3,0,0
BRDA:30,3,1,0
BRDA:32,4,0,0
BRDA:32,4,1,0
BRDA:33,5,0,0
BRDA:33,5,1,0
BRDA:45,6,0,0
BRDA:45,6,1,0
BRDA:47,7,0,0
BRDA:47,7,1,0
BRF:14
BRH:0
end_of_record
TN:
SF:/Users/kevanb/Projects/unykorn/contracts/NFTStaking.sol
FN:20,constructor
FN:24,stake
FN:30,_calculateRewards
FN:39,claimRewards
FN:47,unstake
FNF:5
FNH:0
FNDA:0,constructor
FNDA:0,stake
FNDA:0,_calculateRewards
FNDA:0,claimRewards
FNDA:0,unstake
DA:21,0
DA:25,0
DA:26,0
DA:27,0
DA:31,0
DA:32,0
DA:33,0
DA:34,0
DA:36,0
DA:40,0
DA:41,0
DA:42,0
DA:43,0
DA:44,0
DA:48,0
DA:49,0
DA:50,0
DA:51,0
DA:52,0
DA:53,0
DA:54,0
DA:57,0
DA:58,0
DA:59,0
DA:60,0
DA:61,0
LF:26
LH:0
BRDA:24,1,0,0
BRDA:24,1,1,0
BRDA:39,2,0,0
BRDA:39,2,1,0
BRDA:41,3,0,0
BRDA:41,3,1,0
BRDA:47,4,0,0
BRDA:47,4,1,0
BRDA:48,5,0,0
BRDA:48,5,1,0
BRDA:52,6,0,0
BRDA:52,6,1,0
BRF:12
BRH:0
end_of_record
TN:
SF:/Users/kevanb/Projects/unykorn/contracts/SubscriptionVault.sol
FN:16,constructor
FN:20,subscribe
FNF:2
FNH:0
FNDA:0,constructor
FNDA:0,subscribe
DA:17,0
DA:21,0
DA:22,0
DA:23,0
DA:24,0
DA:26,0
DA:27,0
DA:29,0
LF:8
LH:0
BRDA:21,1,0,0
BRDA:21,1,1,0
BRDA:23,2,0,0
BRDA:23,2,1,0
BRDA:26,3,0,0
BRDA:26,3,1,0
BRF:6
BRH:0
end_of_record
TN:
SF:/Users/kevanb/Projects/unykorn/contracts/VCHAN.sol
FN:10,constructor
FN:14,pause
FN:18,unpause
FN:22,_update
FNF:4
FNH:0
FNDA:0,constructor
FNDA:0,pause
FNDA:0,unpause
FNDA:0,_update
DA:11,0
DA:15,0
DA:19,0
DA:23,0
LF:4
LH:0
BRDA:14,1,0,0
BRDA:14,1,1,0
BRDA:18,2,0,0
BRDA:18,2,1,0
BRDA:22,3,0,0
BRDA:22,3,1,0
BRF:6
BRH:0
end_of_record
TN:
SF:/Users/kevanb/Projects/unykorn/contracts/VPOINT.sol
FN:8,constructor
FN:10,mint
FN:14,_update
FNF:3
FNH:0
FNDA:0,constructor
FNDA:0,mint
FNDA:0,_update
DA:11,0
DA:15,0
DA:16,0
LF:3
LH:0
BRDA:10,1,0,0
BRDA:10,1,1,0
BRDA:15,2,0,0
BRDA:15,2,1,0
BRDA:15,3,0,0
BRDA:15,3,1,0
BRF:6
BRH:0
end_of_record
TN:
SF:/Users/kevanb/Projects/unykorn/contracts/VTV.sol
FN:10,constructor
FN:14,pause
FN:18,unpause
FN:22,_update
FNF:4
FNH:0
FNDA:0,constructor
FNDA:0,pause
FNDA:0,unpause
FNDA:0,_update
DA:11,0
DA:15,0
DA:19,0
DA:23,0
LF:4
LH:0
BRDA:14,1,0,0
BRDA:14,1,1,0
BRDA:18,2,0,0
BRDA:18,2,1,0
BRDA:22,3,0,0
BRDA:22,3,1,0
BRF:6
BRH:0
end_of_record
TN:
SF:/Users/kevanb/Projects/unykorn/contracts/WaterVault.sol
FN:74,onlyOracle
FN:79,validProject
FN:85,validCredit
FN:91,constructor
FN:110,registerProject
FN:147,verifyProject
FN:178,issueCredits
FN:215,transferCredits
FN:239,retireCredits
FN:254,updateOracle
FN:265,updateFeeRate
FN:273,pause
FN:280,unpause
FN:288,deactivateProject
FN:300,getProject
FN:305,getCredit
FN:310,getUserProjects
FN:314,getUserCredits
FN:318,getActiveProjectsCount
FN:329,_removeUserCredit
FNF:20
FNH:0
FNDA:0,onlyOracle
FNDA:0,validProject
FNDA:0,validCredit
FNDA:0,constructor
FNDA:0,registerProject
FNDA:0,verifyProject
FNDA:0,issueCredits
FNDA:0,transferCredits
FNDA:0,retireCredits
FNDA:0,updateOracle
FNDA:0,updateFeeRate
FNDA:0,pause
FNDA:0,unpause
FNDA:0,deactivateProject
FNDA:0,getProject
FNDA:0,getCredit
FNDA:0,getUserProjects
FNDA:0,getUserCredits
FNDA:0,getActiveProjectsCount
FNDA:0,_removeUserCredit
DA:75,0
DA:76,0
DA:80,0
DA:81,0
DA:82,0
DA:86,0
DA:87,0
DA:88,0
DA:92,0
DA:93,0
DA:94,0
DA:95,0
DA:111,0
DA:112,0
DA:113,0
DA:114,0
DA:116,0
DA:117,0
DA:119,0
DA:133,0
DA:135,0
DA:136,0
DA:149,0
DA:150,0
DA:151,0
DA:153,0
DA:154,0
DA:156,0
DA:157,0
DA:158,0
DA:159,0
DA:161,0
DA:162,0
DA:164,0
DA:165,0
DA:181,0
DA:182,0
DA:184,0
DA:185,0
DA:186,0
DA:188,0
DA:190,0
DA:198,0
DA:199,0
DA:200,0
DA:202,0
DA:203,0
DA:217,0
DA:218,0
DA:219,0
DA:222,0
DA:225,0
DA:226,0
DA:228,0
DA:241,0
DA:242,0
DA:244,0
DA:245,0
DA:247,0
DA:255,0
DA:256,0
DA:257,0
DA:258,0
DA:266,0
DA:267,0
DA:274,0
DA:281,0
DA:289,0
DA:290,0
DA:295,0
DA:296,0
DA:301,0
DA:302,0
DA:306,0
DA:307,0
DA:311,0
DA:315,0
DA:319,0
DA:320,0
DA:321,0
DA:322,0
DA:325,0
DA:330,0
DA:331,0
DA:332,0
DA:333,0
DA:334,0
DA:335,0
LF:88
LH:0
BRDA:75,1,0,0
BRDA:75,1,1,0
BRDA:80,2,0,0
BRDA:80,2,1,0
BRDA:81,3,0,0
BRDA:81,3,1,0
BRDA:86,4,0,0
BRDA:86,4,1,0
BRDA:87,5,0,0
BRDA:87,5,1,0
BRDA:92,6,0,0
BRDA:92,6,1,0
BRDA:110,7,0,0
BRDA:110,7,1,0
BRDA:110,8,0,0
BRDA:110,8,1,0
BRDA:111,9,0,0
BRDA:111,9,1,0
BRDA:112,10,0,0
BRDA:112,10,1,0
BRDA:113,11,0,0
BRDA:113,11,1,0
BRDA:114,12,0,0
BRDA:114,12,1,0
BRDA:146,13,0,0
BRDA:146,13,1,0
BRDA:147,14,0,0
BRDA:147,14,1,0
BRDA:149,15,0,0
BRDA:149,15,1,0
BRDA:150,16,0,0
BRDA:150,16,1,0
BRDA:151,17,0,0
BRDA:151,17,1,0
BRDA:154,18,0,0
BRDA:154,18,1,0
BRDA:176,19,0,0
BRDA:176,19,1,0
BRDA:177,20,0,0
BRDA:177,20,1,0
BRDA:178,21,0,0
BRDA:178,21,1,0
BRDA:181,22,0,0
BRDA:181,22,1,0
BRDA:182,23,0,0
BRDA:182,23,1,0
BRDA:185,24,0,0
BRDA:185,24,1,0
BRDA:186,25,0,0
BRDA:186,25,1,0
BRDA:213,26,0,0
BRDA:213,26,1,0
BRDA:214,27,0,0
BRDA:214,27,1,0
BRDA:215,28,0,0
BRDA:215,28,1,0
BRDA:217,29,0,0
BRDA:217,29,1,0
BRDA:219,30,0,0
BRDA:219,30,1,0
BRDA:237,31,0,0
BRDA:237,31,1,0
BRDA:238,32,0,0
BRDA:238,32,1,0
BRDA:239,33,0,0
BRDA:239,33,1,0
BRDA:242,34,0,0
BRDA:242,34,1,0
BRDA:254,35,0,0
BRDA:254,35,1,0
BRDA:255,36,0,0
BRDA:255,36,1,0
BRDA:265,37,0,0
BRDA:265,37,1,0
BRDA:266,38,0,0
BRDA:266,38,1,0
BRDA:273,39,0,0
BRDA:273,39,1,0
BRDA:280,40,0,0
BRDA:280,40,1,0
BRDA:289,41,0,0
BRDA:289,41,1,0
BRDA:290,42,0,0
BRDA:290,42,1,0
BRDA:291,43,0,0
BRDA:291,43,1,0
BRDA:291,44,0,0
BRDA:291,44,1,0
BRDA:301,45,0,0
BRDA:301,45,1,0
BRDA:306,46,0,0
BRDA:306,46,1,0
BRDA:321,47,0,0
BRDA:321,47,1,0
BRDA:332,48,0,0
BRDA:332,48,1,0
BRF:96
BRH:0
end_of_record
